The system is: Linux - 5.12.1-arch1-1 - x86_64
Compiling the C compiler identification source file "CMakeCCompilerId.c" succeeded.
Compiler: /usr/bin/cc 
Build flags: 
Id flags:  

The output was:
0


Compilation of the C compiler identification source "CMakeCCompilerId.c" produced "a.out"

The C compiler identification is GNU, found in "/home/coal/Desktop/Coding/ESP8266/hello_world/CMakeFiles/3.20.2/CompilerIdC/a.out"

Compiling the CXX compiler identification source file "CMakeCXXCompilerId.cpp" succeeded.
Compiler: /usr/bin/c++ 
Build flags: 
Id flags:  

The output was:
0


Compilation of the CXX compiler identification source "CMakeCXXCompilerId.cpp" produced "a.out"

The CXX compiler identification is GNU, found in "/home/coal/Desktop/Coding/ESP8266/hello_world/CMakeFiles/3.20.2/CompilerIdCXX/a.out"

Detecting C compiler ABI info compiled with the following output:
Change Dir: /home/coal/Desktop/Coding/ESP8266/hello_world/CMakeFiles/CMakeTmp

Run Build Command(s):/usr/bin/make -f Makefile cmTC_99bf7/fast && /usr/bin/make  -f CMakeFiles/cmTC_99bf7.dir/build.make CMakeFiles/cmTC_99bf7.dir/build
make[1]: Entering directory '/home/coal/Desktop/Coding/ESP8266/hello_world/CMakeFiles/CMakeTmp'
Building C object CMakeFiles/cmTC_99bf7.dir/CMakeCCompilerABI.c.o
/usr/bin/cc   -v -o CMakeFiles/cmTC_99bf7.dir/CMakeCCompilerABI.c.o -c /usr/share/cmake-3.20/Modules/CMakeCCompilerABI.c
Using built-in specs.
COLLECT_GCC=/usr/bin/cc
Target: x86_64-pc-linux-gnu
Configured with: /build/gcc/src/gcc/configure --prefix=/usr --libdir=/usr/lib --libexecdir=/usr/lib --mandir=/usr/share/man --infodir=/usr/share/info --with-bugurl=https://bugs.archlinux.org/ --enable-languages=c,c++,ada,fortran,go,lto,objc,obj-c++,d --with-isl --with-linker-hash-style=gnu --with-system-zlib --enable-__cxa_atexit --enable-cet=auto --enable-checking=release --enable-clocale=gnu --enable-default-pie --enable-default-ssp --enable-gnu-indirect-function --enable-gnu-unique-object --enable-install-libiberty --enable-linker-build-id --enable-lto --enable-multilib --enable-plugin --enable-shared --enable-threads=posix --disable-libssp --disable-libstdcxx-pch --disable-libunwind-exceptions --disable-werror gdc_include_dir=/usr/include/dlang/gdc
Thread model: posix
Supported LTO compression algorithms: zlib zstd
gcc version 10.2.0 (GCC) 
COLLECT_GCC_OPTIONS='-v' '-o' 'CMakeFiles/cmTC_99bf7.dir/CMakeCCompilerABI.c.o' '-c' '-mtune=generic' '-march=x86-64'
 /usr/lib/gcc/x86_64-pc-linux-gnu/10.2.0/cc1 -quiet -v /usr/share/cmake-3.20/Modules/CMakeCCompilerABI.c -quiet -dumpbase CMakeCCompilerABI.c -mtune=generic -march=x86-64 -auxbase-strip CMakeFiles/cmTC_99bf7.dir/CMakeCCompilerABI.c.o -version -o /tmp/cc1YVwWa.s
GNU C17 (GCC) version 10.2.0 (x86_64-pc-linux-gnu)
	compiled by GNU C version 10.2.0, GMP version 6.2.1, MPFR version 4.1.0, MPC version 1.2.1, isl version isl-0.21-GMP

GGC heuristics: --param ggc-min-expand=100 --param ggc-min-heapsize=131072
ignoring nonexistent directory "/usr/lib/gcc/x86_64-pc-linux-gnu/10.2.0/../../../../x86_64-pc-linux-gnu/include"
#include "..." search starts here:
#include <...> search starts here:
 /usr/lib/gcc/x86_64-pc-linux-gnu/10.2.0/include
 /usr/local/include
 /usr/lib/gcc/x86_64-pc-linux-gnu/10.2.0/include-fixed
 /usr/include
End of search list.
GNU C17 (GCC) version 10.2.0 (x86_64-pc-linux-gnu)
	compiled by GNU C version 10.2.0, GMP version 6.2.1, MPFR version 4.1.0, MPC version 1.2.1, isl version isl-0.21-GMP

GGC heuristics: --param ggc-min-expand=100 --param ggc-min-heapsize=131072
Compiler executable checksum: 1bfc39bab4733e0e3f89254efa5bbd30
COLLECT_GCC_OPTIONS='-v' '-o' 'CMakeFiles/cmTC_99bf7.dir/CMakeCCompilerABI.c.o' '-c' '-mtune=generic' '-march=x86-64'
 as -v --64 -o CMakeFiles/cmTC_99bf7.dir/CMakeCCompilerABI.c.o /tmp/cc1YVwWa.s
GNU assembler version 2.36.1 (x86_64-pc-linux-gnu) using BFD version (GNU Binutils) 2.36.1
COMPILER_PATH=/usr/lib/gcc/x86_64-pc-linux-gnu/10.2.0/:/usr/lib/gcc/x86_64-pc-linux-gnu/10.2.0/:/usr/lib/gcc/x86_64-pc-linux-gnu/:/usr/lib/gcc/x86_64-pc-linux-gnu/10.2.0/:/usr/lib/gcc/x86_64-pc-linux-gnu/
LIBRARY_PATH=/usr/lib/gcc/x86_64-pc-linux-gnu/10.2.0/:/usr/lib/gcc/x86_64-pc-linux-gnu/10.2.0/../../../../lib/:/lib/../lib/:/usr/lib/../lib/:/usr/lib/gcc/x86_64-pc-linux-gnu/10.2.0/../../../:/lib/:/usr/lib/
COLLECT_GCC_OPTIONS='-v' '-o' 'CMakeFiles/cmTC_99bf7.dir/CMakeCCompilerABI.c.o' '-c' '-mtune=generic' '-march=x86-64'
Linking C executable cmTC_99bf7
/usr/bin/cmake -E cmake_link_script CMakeFiles/cmTC_99bf7.dir/link.txt --verbose=1
/usr/bin/cc  -v CMakeFiles/cmTC_99bf7.dir/CMakeCCompilerABI.c.o -o cmTC_99bf7 
Using built-in specs.
COLLECT_GCC=/usr/bin/cc
COLLECT_LTO_WRAPPER=/usr/lib/gcc/x86_64-pc-linux-gnu/10.2.0/lto-wrapper
Target: x86_64-pc-linux-gnu
Configured with: /build/gcc/src/gcc/configure --prefix=/usr --libdir=/usr/lib --libexecdir=/usr/lib --mandir=/usr/share/man --infodir=/usr/share/info --with-bugurl=https://bugs.archlinux.org/ --enable-languages=c,c++,ada,fortran,go,lto,objc,obj-c++,d --with-isl --with-linker-hash-style=gnu --with-system-zlib --enable-__cxa_atexit --enable-cet=auto --enable-checking=release --enable-clocale=gnu --enable-default-pie --enable-default-ssp --enable-gnu-indirect-function --enable-gnu-unique-object --enable-install-libiberty --enable-linker-build-id --enable-lto --enable-multilib --enable-plugin --enable-shared --enable-threads=posix --disable-libssp --disable-libstdcxx-pch --disable-libunwind-exceptions --disable-werror gdc_include_dir=/usr/include/dlang/gdc
Thread model: posix
Supported LTO compression algorithms: zlib zstd
gcc version 10.2.0 (GCC) 
COMPILER_PATH=/usr/lib/gcc/x86_64-pc-linux-gnu/10.2.0/:/usr/lib/gcc/x86_64-pc-linux-gnu/10.2.0/:/usr/lib/gcc/x86_64-pc-linux-gnu/:/usr/lib/gcc/x86_64-pc-linux-gnu/10.2.0/:/usr/lib/gcc/x86_64-pc-linux-gnu/
LIBRARY_PATH=/usr/lib/gcc/x86_64-pc-linux-gnu/10.2.0/:/usr/lib/gcc/x86_64-pc-linux-gnu/10.2.0/../../../../lib/:/lib/../lib/:/usr/lib/../lib/:/usr/lib/gcc/x86_64-pc-linux-gnu/10.2.0/../../../:/lib/:/usr/lib/
COLLECT_GCC_OPTIONS='-v' '-o' 'cmTC_99bf7' '-mtune=generic' '-march=x86-64'
 /usr/lib/gcc/x86_64-pc-linux-gnu/10.2.0/collect2 -plugin /usr/lib/gcc/x86_64-pc-linux-gnu/10.2.0/liblto_plugin.so -plugin-opt=/usr/lib/gcc/x86_64-pc-linux-gnu/10.2.0/lto-wrapper -plugin-opt=-fresolution=/tmp/ccDStS5T.res -plugin-opt=-pass-through=-lgcc -plugin-opt=-pass-through=-lgcc_s -plugin-opt=-pass-through=-lc -plugin-opt=-pass-through=-lgcc -plugin-opt=-pass-through=-lgcc_s --build-id --eh-frame-hdr --hash-style=gnu -m elf_x86_64 -dynamic-linker /lib64/ld-linux-x86-64.so.2 -pie -o cmTC_99bf7 /usr/lib/gcc/x86_64-pc-linux-gnu/10.2.0/../../../../lib/Scrt1.o /usr/lib/gcc/x86_64-pc-linux-gnu/10.2.0/../../../../lib/crti.o /usr/lib/gcc/x86_64-pc-linux-gnu/10.2.0/crtbeginS.o -L/usr/lib/gcc/x86_64-pc-linux-gnu/10.2.0 -L/usr/lib/gcc/x86_64-pc-linux-gnu/10.2.0/../../../../lib -L/lib/../lib -L/usr/lib/../lib -L/usr/lib/gcc/x86_64-pc-linux-gnu/10.2.0/../../.. CMakeFiles/cmTC_99bf7.dir/CMakeCCompilerABI.c.o -lgcc --push-state --as-needed -lgcc_s --pop-state -lc -lgcc --push-state --as-needed -lgcc_s --pop-state /usr/lib/gcc/x86_64-pc-linux-gnu/10.2.0/crtendS.o /usr/lib/gcc/x86_64-pc-linux-gnu/10.2.0/../../../../lib/crtn.o
COLLECT_GCC_OPTIONS='-v' '-o' 'cmTC_99bf7' '-mtune=generic' '-march=x86-64'
make[1]: Leaving directory '/home/coal/Desktop/Coding/ESP8266/hello_world/CMakeFiles/CMakeTmp'



Parsed C implicit include dir info from above output: rv=done
  found start of include info
  found start of implicit include info
    add: [/usr/lib/gcc/x86_64-pc-linux-gnu/10.2.0/include]
    add: [/usr/local/include]
    add: [/usr/lib/gcc/x86_64-pc-linux-gnu/10.2.0/include-fixed]
    add: [/usr/include]
  end of search list found
  collapse include dir [/usr/lib/gcc/x86_64-pc-linux-gnu/10.2.0/include] ==> [/usr/lib/gcc/x86_64-pc-linux-gnu/10.2.0/include]
  collapse include dir [/usr/local/include] ==> [/usr/local/include]
  collapse include dir [/usr/lib/gcc/x86_64-pc-linux-gnu/10.2.0/include-fixed] ==> [/usr/lib/gcc/x86_64-pc-linux-gnu/10.2.0/include-fixed]
  collapse include dir [/usr/include] ==> [/usr/include]
  implicit include dirs: [/usr/lib/gcc/x86_64-pc-linux-gnu/10.2.0/include;/usr/local/include;/usr/lib/gcc/x86_64-pc-linux-gnu/10.2.0/include-fixed;/usr/include]


Parsed C implicit link information from above output:
  link line regex: [^( *|.*[/\])(ld|CMAKE_LINK_STARTFILE-NOTFOUND|([^/\]+-)?ld|collect2)[^/\]*( |$)]
  ignore line: [Change Dir: /home/coal/Desktop/Coding/ESP8266/hello_world/CMakeFiles/CMakeTmp]
  ignore line: []
  ignore line: [Run Build Command(s):/usr/bin/make -f Makefile cmTC_99bf7/fast && /usr/bin/make  -f CMakeFiles/cmTC_99bf7.dir/build.make CMakeFiles/cmTC_99bf7.dir/build]
  ignore line: [make[1]: Entering directory '/home/coal/Desktop/Coding/ESP8266/hello_world/CMakeFiles/CMakeTmp']
  ignore line: [Building C object CMakeFiles/cmTC_99bf7.dir/CMakeCCompilerABI.c.o]
  ignore line: [/usr/bin/cc   -v -o CMakeFiles/cmTC_99bf7.dir/CMakeCCompilerABI.c.o -c /usr/share/cmake-3.20/Modules/CMakeCCompilerABI.c]
  ignore line: [Using built-in specs.]
  ignore line: [COLLECT_GCC=/usr/bin/cc]
  ignore line: [Target: x86_64-pc-linux-gnu]
  ignore line: [Configured with: /build/gcc/src/gcc/configure --prefix=/usr --libdir=/usr/lib --libexecdir=/usr/lib --mandir=/usr/share/man --infodir=/usr/share/info --with-bugurl=https://bugs.archlinux.org/ --enable-languages=c c++ ada fortran go lto objc obj-c++ d --with-isl --with-linker-hash-style=gnu --with-system-zlib --enable-__cxa_atexit --enable-cet=auto --enable-checking=release --enable-clocale=gnu --enable-default-pie --enable-default-ssp --enable-gnu-indirect-function --enable-gnu-unique-object --enable-install-libiberty --enable-linker-build-id --enable-lto --enable-multilib --enable-plugin --enable-shared --enable-threads=posix --disable-libssp --disable-libstdcxx-pch --disable-libunwind-exceptions --disable-werror gdc_include_dir=/usr/include/dlang/gdc]
  ignore line: [Thread model: posix]
  ignore line: [Supported LTO compression algorithms: zlib zstd]
  ignore line: [gcc version 10.2.0 (GCC) ]
  ignore line: [COLLECT_GCC_OPTIONS='-v' '-o' 'CMakeFiles/cmTC_99bf7.dir/CMakeCCompilerABI.c.o' '-c' '-mtune=generic' '-march=x86-64']
  ignore line: [ /usr/lib/gcc/x86_64-pc-linux-gnu/10.2.0/cc1 -quiet -v /usr/share/cmake-3.20/Modules/CMakeCCompilerABI.c -quiet -dumpbase CMakeCCompilerABI.c -mtune=generic -march=x86-64 -auxbase-strip CMakeFiles/cmTC_99bf7.dir/CMakeCCompilerABI.c.o -version -o /tmp/cc1YVwWa.s]
  ignore line: [GNU C17 (GCC) version 10.2.0 (x86_64-pc-linux-gnu)]
  ignore line: [	compiled by GNU C version 10.2.0  GMP version 6.2.1  MPFR version 4.1.0  MPC version 1.2.1  isl version isl-0.21-GMP]
  ignore line: []
  ignore line: [GGC heuristics: --param ggc-min-expand=100 --param ggc-min-heapsize=131072]
  ignore line: [ignoring nonexistent directory "/usr/lib/gcc/x86_64-pc-linux-gnu/10.2.0/../../../../x86_64-pc-linux-gnu/include"]
  ignore line: [#include "..." search starts here:]
  ignore line: [#include <...> search starts here:]
  ignore line: [ /usr/lib/gcc/x86_64-pc-linux-gnu/10.2.0/include]
  ignore line: [ /usr/local/include]
  ignore line: [ /usr/lib/gcc/x86_64-pc-linux-gnu/10.2.0/include-fixed]
  ignore line: [ /usr/include]
  ignore line: [End of search list.]
  ignore line: [GNU C17 (GCC) version 10.2.0 (x86_64-pc-linux-gnu)]
  ignore line: [	compiled by GNU C version 10.2.0  GMP version 6.2.1  MPFR version 4.1.0  MPC version 1.2.1  isl version isl-0.21-GMP]
  ignore line: []
  ignore line: [GGC heuristics: --param ggc-min-expand=100 --param ggc-min-heapsize=131072]
  ignore line: [Compiler executable checksum: 1bfc39bab4733e0e3f89254efa5bbd30]
  ignore line: [COLLECT_GCC_OPTIONS='-v' '-o' 'CMakeFiles/cmTC_99bf7.dir/CMakeCCompilerABI.c.o' '-c' '-mtune=generic' '-march=x86-64']
  ignore line: [ as -v --64 -o CMakeFiles/cmTC_99bf7.dir/CMakeCCompilerABI.c.o /tmp/cc1YVwWa.s]
  ignore line: [GNU assembler version 2.36.1 (x86_64-pc-linux-gnu) using BFD version (GNU Binutils) 2.36.1]
  ignore line: [COMPILER_PATH=/usr/lib/gcc/x86_64-pc-linux-gnu/10.2.0/:/usr/lib/gcc/x86_64-pc-linux-gnu/10.2.0/:/usr/lib/gcc/x86_64-pc-linux-gnu/:/usr/lib/gcc/x86_64-pc-linux-gnu/10.2.0/:/usr/lib/gcc/x86_64-pc-linux-gnu/]
  ignore line: [LIBRARY_PATH=/usr/lib/gcc/x86_64-pc-linux-gnu/10.2.0/:/usr/lib/gcc/x86_64-pc-linux-gnu/10.2.0/../../../../lib/:/lib/../lib/:/usr/lib/../lib/:/usr/lib/gcc/x86_64-pc-linux-gnu/10.2.0/../../../:/lib/:/usr/lib/]
  ignore line: [COLLECT_GCC_OPTIONS='-v' '-o' 'CMakeFiles/cmTC_99bf7.dir/CMakeCCompilerABI.c.o' '-c' '-mtune=generic' '-march=x86-64']
  ignore line: [Linking C executable cmTC_99bf7]
  ignore line: [/usr/bin/cmake -E cmake_link_script CMakeFiles/cmTC_99bf7.dir/link.txt --verbose=1]
  ignore line: [/usr/bin/cc  -v CMakeFiles/cmTC_99bf7.dir/CMakeCCompilerABI.c.o -o cmTC_99bf7 ]
  ignore line: [Using built-in specs.]
  ignore line: [COLLECT_GCC=/usr/bin/cc]
  ignore line: [COLLECT_LTO_WRAPPER=/usr/lib/gcc/x86_64-pc-linux-gnu/10.2.0/lto-wrapper]
  ignore line: [Target: x86_64-pc-linux-gnu]
  ignore line: [Configured with: /build/gcc/src/gcc/configure --prefix=/usr --libdir=/usr/lib --libexecdir=/usr/lib --mandir=/usr/share/man --infodir=/usr/share/info --with-bugurl=https://bugs.archlinux.org/ --enable-languages=c c++ ada fortran go lto objc obj-c++ d --with-isl --with-linker-hash-style=gnu --with-system-zlib --enable-__cxa_atexit --enable-cet=auto --enable-checking=release --enable-clocale=gnu --enable-default-pie --enable-default-ssp --enable-gnu-indirect-function --enable-gnu-unique-object --enable-install-libiberty --enable-linker-build-id --enable-lto --enable-multilib --enable-plugin --enable-shared --enable-threads=posix --disable-libssp --disable-libstdcxx-pch --disable-libunwind-exceptions --disable-werror gdc_include_dir=/usr/include/dlang/gdc]
  ignore line: [Thread model: posix]
  ignore line: [Supported LTO compression algorithms: zlib zstd]
  ignore line: [gcc version 10.2.0 (GCC) ]
  ignore line: [COMPILER_PATH=/usr/lib/gcc/x86_64-pc-linux-gnu/10.2.0/:/usr/lib/gcc/x86_64-pc-linux-gnu/10.2.0/:/usr/lib/gcc/x86_64-pc-linux-gnu/:/usr/lib/gcc/x86_64-pc-linux-gnu/10.2.0/:/usr/lib/gcc/x86_64-pc-linux-gnu/]
  ignore line: [LIBRARY_PATH=/usr/lib/gcc/x86_64-pc-linux-gnu/10.2.0/:/usr/lib/gcc/x86_64-pc-linux-gnu/10.2.0/../../../../lib/:/lib/../lib/:/usr/lib/../lib/:/usr/lib/gcc/x86_64-pc-linux-gnu/10.2.0/../../../:/lib/:/usr/lib/]
  ignore line: [COLLECT_GCC_OPTIONS='-v' '-o' 'cmTC_99bf7' '-mtune=generic' '-march=x86-64']
  link line: [ /usr/lib/gcc/x86_64-pc-linux-gnu/10.2.0/collect2 -plugin /usr/lib/gcc/x86_64-pc-linux-gnu/10.2.0/liblto_plugin.so -plugin-opt=/usr/lib/gcc/x86_64-pc-linux-gnu/10.2.0/lto-wrapper -plugin-opt=-fresolution=/tmp/ccDStS5T.res -plugin-opt=-pass-through=-lgcc -plugin-opt=-pass-through=-lgcc_s -plugin-opt=-pass-through=-lc -plugin-opt=-pass-through=-lgcc -plugin-opt=-pass-through=-lgcc_s --build-id --eh-frame-hdr --hash-style=gnu -m elf_x86_64 -dynamic-linker /lib64/ld-linux-x86-64.so.2 -pie -o cmTC_99bf7 /usr/lib/gcc/x86_64-pc-linux-gnu/10.2.0/../../../../lib/Scrt1.o /usr/lib/gcc/x86_64-pc-linux-gnu/10.2.0/../../../../lib/crti.o /usr/lib/gcc/x86_64-pc-linux-gnu/10.2.0/crtbeginS.o -L/usr/lib/gcc/x86_64-pc-linux-gnu/10.2.0 -L/usr/lib/gcc/x86_64-pc-linux-gnu/10.2.0/../../../../lib -L/lib/../lib -L/usr/lib/../lib -L/usr/lib/gcc/x86_64-pc-linux-gnu/10.2.0/../../.. CMakeFiles/cmTC_99bf7.dir/CMakeCCompilerABI.c.o -lgcc --push-state --as-needed -lgcc_s --pop-state -lc -lgcc --push-state --as-needed -lgcc_s --pop-state /usr/lib/gcc/x86_64-pc-linux-gnu/10.2.0/crtendS.o /usr/lib/gcc/x86_64-pc-linux-gnu/10.2.0/../../../../lib/crtn.o]
    arg [/usr/lib/gcc/x86_64-pc-linux-gnu/10.2.0/collect2] ==> ignore
    arg [-plugin] ==> ignore
    arg [/usr/lib/gcc/x86_64-pc-linux-gnu/10.2.0/liblto_plugin.so] ==> ignore
    arg [-plugin-opt=/usr/lib/gcc/x86_64-pc-linux-gnu/10.2.0/lto-wrapper] ==> ignore
    arg [-plugin-opt=-fresolution=/tmp/ccDStS5T.res] ==> ignore
    arg [-plugin-opt=-pass-through=-lgcc] ==> ignore
    arg [-plugin-opt=-pass-through=-lgcc_s] ==> ignore
    arg [-plugin-opt=-pass-through=-lc] ==> ignore
    arg [-plugin-opt=-pass-through=-lgcc] ==> ignore
    arg [-plugin-opt=-pass-through=-lgcc_s] ==> ignore
    arg [--build-id] ==> ignore
    arg [--eh-frame-hdr] ==> ignore
    arg [--hash-style=gnu] ==> ignore
    arg [-m] ==> ignore
    arg [elf_x86_64] ==> ignore
    arg [-dynamic-linker] ==> ignore
    arg [/lib64/ld-linux-x86-64.so.2] ==> ignore
    arg [-pie] ==> ignore
    arg [-o] ==> ignore
    arg [cmTC_99bf7] ==> ignore
    arg [/usr/lib/gcc/x86_64-pc-linux-gnu/10.2.0/../../../../lib/Scrt1.o] ==> obj [/usr/lib/gcc/x86_64-pc-linux-gnu/10.2.0/../../../../lib/Scrt1.o]
    arg [/usr/lib/gcc/x86_64-pc-linux-gnu/10.2.0/../../../../lib/crti.o] ==> obj [/usr/lib/gcc/x86_64-pc-linux-gnu/10.2.0/../../../../lib/crti.o]
    arg [/usr/lib/gcc/x86_64-pc-linux-gnu/10.2.0/crtbeginS.o] ==> obj [/usr/lib/gcc/x86_64-pc-linux-gnu/10.2.0/crtbeginS.o]
    arg [-L/usr/lib/gcc/x86_64-pc-linux-gnu/10.2.0] ==> dir [/usr/lib/gcc/x86_64-pc-linux-gnu/10.2.0]
    arg [-L/usr/lib/gcc/x86_64-pc-linux-gnu/10.2.0/../../../../lib] ==> dir [/usr/lib/gcc/x86_64-pc-linux-gnu/10.2.0/../../../../lib]
    arg [-L/lib/../lib] ==> dir [/lib/../lib]
    arg [-L/usr/lib/../lib] ==> dir [/usr/lib/../lib]
    arg [-L/usr/lib/gcc/x86_64-pc-linux-gnu/10.2.0/../../..] ==> dir [/usr/lib/gcc/x86_64-pc-linux-gnu/10.2.0/../../..]
    arg [CMakeFiles/cmTC_99bf7.dir/CMakeCCompilerABI.c.o] ==> ignore
    arg [-lgcc] ==> lib [gcc]
    arg [--push-state] ==> ignore
    arg [--as-needed] ==> ignore
    arg [-lgcc_s] ==> lib [gcc_s]
    arg [--pop-state] ==> ignore
    arg [-lc] ==> lib [c]
    arg [-lgcc] ==> lib [gcc]
    arg [--push-state] ==> ignore
    arg [--as-needed] ==> ignore
    arg [-lgcc_s] ==> lib [gcc_s]
    arg [--pop-state] ==> ignore
    arg [/usr/lib/gcc/x86_64-pc-linux-gnu/10.2.0/crtendS.o] ==> obj [/usr/lib/gcc/x86_64-pc-linux-gnu/10.2.0/crtendS.o]
    arg [/usr/lib/gcc/x86_64-pc-linux-gnu/10.2.0/../../../../lib/crtn.o] ==> obj [/usr/lib/gcc/x86_64-pc-linux-gnu/10.2.0/../../../../lib/crtn.o]
  collapse obj [/usr/lib/gcc/x86_64-pc-linux-gnu/10.2.0/../../../../lib/Scrt1.o] ==> [/usr/lib/Scrt1.o]
  collapse obj [/usr/lib/gcc/x86_64-pc-linux-gnu/10.2.0/../../../../lib/crti.o] ==> [/usr/lib/crti.o]
  collapse obj [/usr/lib/gcc/x86_64-pc-linux-gnu/10.2.0/../../../../lib/crtn.o] ==> [/usr/lib/crtn.o]
  collapse library dir [/usr/lib/gcc/x86_64-pc-linux-gnu/10.2.0] ==> [/usr/lib/gcc/x86_64-pc-linux-gnu/10.2.0]
  collapse library dir [/usr/lib/gcc/x86_64-pc-linux-gnu/10.2.0/../../../../lib] ==> [/usr/lib]
  collapse library dir [/lib/../lib] ==> [/lib]
  collapse library dir [/usr/lib/../lib] ==> [/usr/lib]
  collapse library dir [/usr/lib/gcc/x86_64-pc-linux-gnu/10.2.0/../../..] ==> [/usr/lib]
  implicit libs: [gcc;gcc_s;c;gcc;gcc_s]
  implicit objs: [/usr/lib/Scrt1.o;/usr/lib/crti.o;/usr/lib/gcc/x86_64-pc-linux-gnu/10.2.0/crtbeginS.o;/usr/lib/gcc/x86_64-pc-linux-gnu/10.2.0/crtendS.o;/usr/lib/crtn.o]
  implicit dirs: [/usr/lib/gcc/x86_64-pc-linux-gnu/10.2.0;/usr/lib;/lib]
  implicit fwks: []


Detecting CXX compiler ABI info compiled with the following output:
Change Dir: /home/coal/Desktop/Coding/ESP8266/hello_world/CMakeFiles/CMakeTmp

Run Build Command(s):/usr/bin/make -f Makefile cmTC_6f3c2/fast && /usr/bin/make  -f CMakeFiles/cmTC_6f3c2.dir/build.make CMakeFiles/cmTC_6f3c2.dir/build
make[1]: Entering directory '/home/coal/Desktop/Coding/ESP8266/hello_world/CMakeFiles/CMakeTmp'
Building CXX object CMakeFiles/cmTC_6f3c2.dir/CMakeCXXCompilerABI.cpp.o
/usr/bin/c++   -v -o CMakeFiles/cmTC_6f3c2.dir/CMakeCXXCompilerABI.cpp.o -c /usr/share/cmake-3.20/Modules/CMakeCXXCompilerABI.cpp
Using built-in specs.
COLLECT_GCC=/usr/bin/c++
Target: x86_64-pc-linux-gnu
Configured with: /build/gcc/src/gcc/configure --prefix=/usr --libdir=/usr/lib --libexecdir=/usr/lib --mandir=/usr/share/man --infodir=/usr/share/info --with-bugurl=https://bugs.archlinux.org/ --enable-languages=c,c++,ada,fortran,go,lto,objc,obj-c++,d --with-isl --with-linker-hash-style=gnu --with-system-zlib --enable-__cxa_atexit --enable-cet=auto --enable-checking=release --enable-clocale=gnu --enable-default-pie --enable-default-ssp --enable-gnu-indirect-function --enable-gnu-unique-object --enable-install-libiberty --enable-linker-build-id --enable-lto --enable-multilib --enable-plugin --enable-shared --enable-threads=posix --disable-libssp --disable-libstdcxx-pch --disable-libunwind-exceptions --disable-werror gdc_include_dir=/usr/include/dlang/gdc
Thread model: posix
Supported LTO compression algorithms: zlib zstd
gcc version 10.2.0 (GCC) 
COLLECT_GCC_OPTIONS='-v' '-o' 'CMakeFiles/cmTC_6f3c2.dir/CMakeCXXCompilerABI.cpp.o' '-c' '-shared-libgcc' '-mtune=generic' '-march=x86-64'
 /usr/lib/gcc/x86_64-pc-linux-gnu/10.2.0/cc1plus -quiet -v -D_GNU_SOURCE /usr/share/cmake-3.20/Modules/CMakeCXXCompilerABI.cpp -quiet -dumpbase CMakeCXXCompilerABI.cpp -mtune=generic -march=x86-64 -auxbase-strip CMakeFiles/cmTC_6f3c2.dir/CMakeCXXCompilerABI.cpp.o -version -o /tmp/ccFnvlYT.s
GNU C++14 (GCC) version 10.2.0 (x86_64-pc-linux-gnu)
	compiled by GNU C version 10.2.0, GMP version 6.2.1, MPFR version 4.1.0, MPC version 1.2.1, isl version isl-0.21-GMP

GGC heuristics: --param ggc-min-expand=100 --param ggc-min-heapsize=131072
ignoring nonexistent directory "/usr/lib/gcc/x86_64-pc-linux-gnu/10.2.0/../../../../x86_64-pc-linux-gnu/include"
#include "..." search starts here:
#include <...> search starts here:
 /usr/lib/gcc/x86_64-pc-linux-gnu/10.2.0/../../../../include/c++/10.2.0
 /usr/lib/gcc/x86_64-pc-linux-gnu/10.2.0/../../../../include/c++/10.2.0/x86_64-pc-linux-gnu
 /usr/lib/gcc/x86_64-pc-linux-gnu/10.2.0/../../../../include/c++/10.2.0/backward
 /usr/lib/gcc/x86_64-pc-linux-gnu/10.2.0/include
 /usr/local/include
 /usr/lib/gcc/x86_64-pc-linux-gnu/10.2.0/include-fixed
 /usr/include
End of search list.
GNU C++14 (GCC) version 10.2.0 (x86_64-pc-linux-gnu)
	compiled by GNU C version 10.2.0, GMP version 6.2.1, MPFR version 4.1.0, MPC version 1.2.1, isl version isl-0.21-GMP

GGC heuristics: --param ggc-min-expand=100 --param ggc-min-heapsize=131072
Compiler executable checksum: f27fb68878a84470810fd2057eccecc9
COLLECT_GCC_OPTIONS='-v' '-o' 'CMakeFiles/cmTC_6f3c2.dir/CMakeCXXCompilerABI.cpp.o' '-c' '-shared-libgcc' '-mtune=generic' '-march=x86-64'
 as -v --64 -o CMakeFiles/cmTC_6f3c2.dir/CMakeCXXCompilerABI.cpp.o /tmp/ccFnvlYT.s
GNU assembler version 2.36.1 (x86_64-pc-linux-gnu) using BFD version (GNU Binutils) 2.36.1
COMPILER_PATH=/usr/lib/gcc/x86_64-pc-linux-gnu/10.2.0/:/usr/lib/gcc/x86_64-pc-linux-gnu/10.2.0/:/usr/lib/gcc/x86_64-pc-linux-gnu/:/usr/lib/gcc/x86_64-pc-linux-gnu/10.2.0/:/usr/lib/gcc/x86_64-pc-linux-gnu/
LIBRARY_PATH=/usr/lib/gcc/x86_64-pc-linux-gnu/10.2.0/:/usr/lib/gcc/x86_64-pc-linux-gnu/10.2.0/../../../../lib/:/lib/../lib/:/usr/lib/../lib/:/usr/lib/gcc/x86_64-pc-linux-gnu/10.2.0/../../../:/lib/:/usr/lib/
COLLECT_GCC_OPTIONS='-v' '-o' 'CMakeFiles/cmTC_6f3c2.dir/CMakeCXXCompilerABI.cpp.o' '-c' '-shared-libgcc' '-mtune=generic' '-march=x86-64'
Linking CXX executable cmTC_6f3c2
/usr/bin/cmake -E cmake_link_script CMakeFiles/cmTC_6f3c2.dir/link.txt --verbose=1
/usr/bin/c++  -v CMakeFiles/cmTC_6f3c2.dir/CMakeCXXCompilerABI.cpp.o -o cmTC_6f3c2 
Using built-in specs.
COLLECT_GCC=/usr/bin/c++
COLLECT_LTO_WRAPPER=/usr/lib/gcc/x86_64-pc-linux-gnu/10.2.0/lto-wrapper
Target: x86_64-pc-linux-gnu
Configured with: /build/gcc/src/gcc/configure --prefix=/usr --libdir=/usr/lib --libexecdir=/usr/lib --mandir=/usr/share/man --infodir=/usr/share/info --with-bugurl=https://bugs.archlinux.org/ --enable-languages=c,c++,ada,fortran,go,lto,objc,obj-c++,d --with-isl --with-linker-hash-style=gnu --with-system-zlib --enable-__cxa_atexit --enable-cet=auto --enable-checking=release --enable-clocale=gnu --enable-default-pie --enable-default-ssp --enable-gnu-indirect-function --enable-gnu-unique-object --enable-install-libiberty --enable-linker-build-id --enable-lto --enable-multilib --enable-plugin --enable-shared --enable-threads=posix --disable-libssp --disable-libstdcxx-pch --disable-libunwind-exceptions --disable-werror gdc_include_dir=/usr/include/dlang/gdc
Thread model: posix
Supported LTO compression algorithms: zlib zstd
gcc version 10.2.0 (GCC) 
COMPILER_PATH=/usr/lib/gcc/x86_64-pc-linux-gnu/10.2.0/:/usr/lib/gcc/x86_64-pc-linux-gnu/10.2.0/:/usr/lib/gcc/x86_64-pc-linux-gnu/:/usr/lib/gcc/x86_64-pc-linux-gnu/10.2.0/:/usr/lib/gcc/x86_64-pc-linux-gnu/
LIBRARY_PATH=/usr/lib/gcc/x86_64-pc-linux-gnu/10.2.0/:/usr/lib/gcc/x86_64-pc-linux-gnu/10.2.0/../../../../lib/:/lib/../lib/:/usr/lib/../lib/:/usr/lib/gcc/x86_64-pc-linux-gnu/10.2.0/../../../:/lib/:/usr/lib/
COLLECT_GCC_OPTIONS='-v' '-o' 'cmTC_6f3c2' '-shared-libgcc' '-mtune=generic' '-march=x86-64'
 /usr/lib/gcc/x86_64-pc-linux-gnu/10.2.0/collect2 -plugin /usr/lib/gcc/x86_64-pc-linux-gnu/10.2.0/liblto_plugin.so -plugin-opt=/usr/lib/gcc/x86_64-pc-linux-gnu/10.2.0/lto-wrapper -plugin-opt=-fresolution=/tmp/cchFwoyC.res -plugin-opt=-pass-through=-lgcc_s -plugin-opt=-pass-through=-lgcc -plugin-opt=-pass-through=-lc -plugin-opt=-pass-through=-lgcc_s -plugin-opt=-pass-through=-lgcc --build-id --eh-frame-hdr --hash-style=gnu -m elf_x86_64 -dynamic-linker /lib64/ld-linux-x86-64.so.2 -pie -o cmTC_6f3c2 /usr/lib/gcc/x86_64-pc-linux-gnu/10.2.0/../../../../lib/Scrt1.o /usr/lib/gcc/x86_64-pc-linux-gnu/10.2.0/../../../../lib/crti.o /usr/lib/gcc/x86_64-pc-linux-gnu/10.2.0/crtbeginS.o -L/usr/lib/gcc/x86_64-pc-linux-gnu/10.2.0 -L/usr/lib/gcc/x86_64-pc-linux-gnu/10.2.0/../../../../lib -L/lib/../lib -L/usr/lib/../lib -L/usr/lib/gcc/x86_64-pc-linux-gnu/10.2.0/../../.. CMakeFiles/cmTC_6f3c2.dir/CMakeCXXCompilerABI.cpp.o -lstdc++ -lm -lgcc_s -lgcc -lc -lgcc_s -lgcc /usr/lib/gcc/x86_64-pc-linux-gnu/10.2.0/crtendS.o /usr/lib/gcc/x86_64-pc-linux-gnu/10.2.0/../../../../lib/crtn.o
COLLECT_GCC_OPTIONS='-v' '-o' 'cmTC_6f3c2' '-shared-libgcc' '-mtune=generic' '-march=x86-64'
make[1]: Leaving directory '/home/coal/Desktop/Coding/ESP8266/hello_world/CMakeFiles/CMakeTmp'



Parsed CXX implicit include dir info from above output: rv=done
  found start of include info
  found start of implicit include info
    add: [/usr/lib/gcc/x86_64-pc-linux-gnu/10.2.0/../../../../include/c++/10.2.0]
    add: [/usr/lib/gcc/x86_64-pc-linux-gnu/10.2.0/../../../../include/c++/10.2.0/x86_64-pc-linux-gnu]
    add: [/usr/lib/gcc/x86_64-pc-linux-gnu/10.2.0/../../../../include/c++/10.2.0/backward]
    add: [/usr/lib/gcc/x86_64-pc-linux-gnu/10.2.0/include]
    add: [/usr/local/include]
    add: [/usr/lib/gcc/x86_64-pc-linux-gnu/10.2.0/include-fixed]
    add: [/usr/include]
  end of search list found
  collapse include dir [/usr/lib/gcc/x86_64-pc-linux-gnu/10.2.0/../../../../include/c++/10.2.0] ==> [/usr/include/c++/10.2.0]
  collapse include dir [/usr/lib/gcc/x86_64-pc-linux-gnu/10.2.0/../../../../include/c++/10.2.0/x86_64-pc-linux-gnu] ==> [/usr/include/c++/10.2.0/x86_64-pc-linux-gnu]
  collapse include dir [/usr/lib/gcc/x86_64-pc-linux-gnu/10.2.0/../../../../include/c++/10.2.0/backward] ==> [/usr/include/c++/10.2.0/backward]
  collapse include dir [/usr/lib/gcc/x86_64-pc-linux-gnu/10.2.0/include] ==> [/usr/lib/gcc/x86_64-pc-linux-gnu/10.2.0/include]
  collapse include dir [/usr/local/include] ==> [/usr/local/include]
  collapse include dir [/usr/lib/gcc/x86_64-pc-linux-gnu/10.2.0/include-fixed] ==> [/usr/lib/gcc/x86_64-pc-linux-gnu/10.2.0/include-fixed]
  collapse include dir [/usr/include] ==> [/usr/include]
  implicit include dirs: [/usr/include/c++/10.2.0;/usr/include/c++/10.2.0/x86_64-pc-linux-gnu;/usr/include/c++/10.2.0/backward;/usr/lib/gcc/x86_64-pc-linux-gnu/10.2.0/include;/usr/local/include;/usr/lib/gcc/x86_64-pc-linux-gnu/10.2.0/include-fixed;/usr/include]


Parsed CXX implicit link information from above output:
  link line regex: [^( *|.*[/\])(ld|CMAKE_LINK_STARTFILE-NOTFOUND|([^/\]+-)?ld|collect2)[^/\]*( |$)]
  ignore line: [Change Dir: /home/coal/Desktop/Coding/ESP8266/hello_world/CMakeFiles/CMakeTmp]
  ignore line: []
  ignore line: [Run Build Command(s):/usr/bin/make -f Makefile cmTC_6f3c2/fast && /usr/bin/make  -f CMakeFiles/cmTC_6f3c2.dir/build.make CMakeFiles/cmTC_6f3c2.dir/build]
  ignore line: [make[1]: Entering directory '/home/coal/Desktop/Coding/ESP8266/hello_world/CMakeFiles/CMakeTmp']
  ignore line: [Building CXX object CMakeFiles/cmTC_6f3c2.dir/CMakeCXXCompilerABI.cpp.o]
  ignore line: [/usr/bin/c++   -v -o CMakeFiles/cmTC_6f3c2.dir/CMakeCXXCompilerABI.cpp.o -c /usr/share/cmake-3.20/Modules/CMakeCXXCompilerABI.cpp]
  ignore line: [Using built-in specs.]
  ignore line: [COLLECT_GCC=/usr/bin/c++]
  ignore line: [Target: x86_64-pc-linux-gnu]
  ignore line: [Configured with: /build/gcc/src/gcc/configure --prefix=/usr --libdir=/usr/lib --libexecdir=/usr/lib --mandir=/usr/share/man --infodir=/usr/share/info --with-bugurl=https://bugs.archlinux.org/ --enable-languages=c c++ ada fortran go lto objc obj-c++ d --with-isl --with-linker-hash-style=gnu --with-system-zlib --enable-__cxa_atexit --enable-cet=auto --enable-checking=release --enable-clocale=gnu --enable-default-pie --enable-default-ssp --enable-gnu-indirect-function --enable-gnu-unique-object --enable-install-libiberty --enable-linker-build-id --enable-lto --enable-multilib --enable-plugin --enable-shared --enable-threads=posix --disable-libssp --disable-libstdcxx-pch --disable-libunwind-exceptions --disable-werror gdc_include_dir=/usr/include/dlang/gdc]
  ignore line: [Thread model: posix]
  ignore line: [Supported LTO compression algorithms: zlib zstd]
  ignore line: [gcc version 10.2.0 (GCC) ]
  ignore line: [COLLECT_GCC_OPTIONS='-v' '-o' 'CMakeFiles/cmTC_6f3c2.dir/CMakeCXXCompilerABI.cpp.o' '-c' '-shared-libgcc' '-mtune=generic' '-march=x86-64']
  ignore line: [ /usr/lib/gcc/x86_64-pc-linux-gnu/10.2.0/cc1plus -quiet -v -D_GNU_SOURCE /usr/share/cmake-3.20/Modules/CMakeCXXCompilerABI.cpp -quiet -dumpbase CMakeCXXCompilerABI.cpp -mtune=generic -march=x86-64 -auxbase-strip CMakeFiles/cmTC_6f3c2.dir/CMakeCXXCompilerABI.cpp.o -version -o /tmp/ccFnvlYT.s]
  ignore line: [GNU C++14 (GCC) version 10.2.0 (x86_64-pc-linux-gnu)]
  ignore line: [	compiled by GNU C version 10.2.0  GMP version 6.2.1  MPFR version 4.1.0  MPC version 1.2.1  isl version isl-0.21-GMP]
  ignore line: []
  ignore line: [GGC heuristics: --param ggc-min-expand=100 --param ggc-min-heapsize=131072]
  ignore line: [ignoring nonexistent directory "/usr/lib/gcc/x86_64-pc-linux-gnu/10.2.0/../../../../x86_64-pc-linux-gnu/include"]
  ignore line: [#include "..." search starts here:]
  ignore line: [#include <...> search starts here:]
  ignore line: [ /usr/lib/gcc/x86_64-pc-linux-gnu/10.2.0/../../../../include/c++/10.2.0]
  ignore line: [ /usr/lib/gcc/x86_64-pc-linux-gnu/10.2.0/../../../../include/c++/10.2.0/x86_64-pc-linux-gnu]
  ignore line: [ /usr/lib/gcc/x86_64-pc-linux-gnu/10.2.0/../../../../include/c++/10.2.0/backward]
  ignore line: [ /usr/lib/gcc/x86_64-pc-linux-gnu/10.2.0/include]
  ignore line: [ /usr/local/include]
  ignore line: [ /usr/lib/gcc/x86_64-pc-linux-gnu/10.2.0/include-fixed]
  ignore line: [ /usr/include]
  ignore line: [End of search list.]
  ignore line: [GNU C++14 (GCC) version 10.2.0 (x86_64-pc-linux-gnu)]
  ignore line: [	compiled by GNU C version 10.2.0  GMP version 6.2.1  MPFR version 4.1.0  MPC version 1.2.1  isl version isl-0.21-GMP]
  ignore line: []
  ignore line: [GGC heuristics: --param ggc-min-expand=100 --param ggc-min-heapsize=131072]
  ignore line: [Compiler executable checksum: f27fb68878a84470810fd2057eccecc9]
  ignore line: [COLLECT_GCC_OPTIONS='-v' '-o' 'CMakeFiles/cmTC_6f3c2.dir/CMakeCXXCompilerABI.cpp.o' '-c' '-shared-libgcc' '-mtune=generic' '-march=x86-64']
  ignore line: [ as -v --64 -o CMakeFiles/cmTC_6f3c2.dir/CMakeCXXCompilerABI.cpp.o /tmp/ccFnvlYT.s]
  ignore line: [GNU assembler version 2.36.1 (x86_64-pc-linux-gnu) using BFD version (GNU Binutils) 2.36.1]
  ignore line: [COMPILER_PATH=/usr/lib/gcc/x86_64-pc-linux-gnu/10.2.0/:/usr/lib/gcc/x86_64-pc-linux-gnu/10.2.0/:/usr/lib/gcc/x86_64-pc-linux-gnu/:/usr/lib/gcc/x86_64-pc-linux-gnu/10.2.0/:/usr/lib/gcc/x86_64-pc-linux-gnu/]
  ignore line: [LIBRARY_PATH=/usr/lib/gcc/x86_64-pc-linux-gnu/10.2.0/:/usr/lib/gcc/x86_64-pc-linux-gnu/10.2.0/../../../../lib/:/lib/../lib/:/usr/lib/../lib/:/usr/lib/gcc/x86_64-pc-linux-gnu/10.2.0/../../../:/lib/:/usr/lib/]
  ignore line: [COLLECT_GCC_OPTIONS='-v' '-o' 'CMakeFiles/cmTC_6f3c2.dir/CMakeCXXCompilerABI.cpp.o' '-c' '-shared-libgcc' '-mtune=generic' '-march=x86-64']
  ignore line: [Linking CXX executable cmTC_6f3c2]
  ignore line: [/usr/bin/cmake -E cmake_link_script CMakeFiles/cmTC_6f3c2.dir/link.txt --verbose=1]
  ignore line: [/usr/bin/c++  -v CMakeFiles/cmTC_6f3c2.dir/CMakeCXXCompilerABI.cpp.o -o cmTC_6f3c2 ]
  ignore line: [Using built-in specs.]
  ignore line: [COLLECT_GCC=/usr/bin/c++]
  ignore line: [COLLECT_LTO_WRAPPER=/usr/lib/gcc/x86_64-pc-linux-gnu/10.2.0/lto-wrapper]
  ignore line: [Target: x86_64-pc-linux-gnu]
  ignore line: [Configured with: /build/gcc/src/gcc/configure --prefix=/usr --libdir=/usr/lib --libexecdir=/usr/lib --mandir=/usr/share/man --infodir=/usr/share/info --with-bugurl=https://bugs.archlinux.org/ --enable-languages=c c++ ada fortran go lto objc obj-c++ d --with-isl --with-linker-hash-style=gnu --with-system-zlib --enable-__cxa_atexit --enable-cet=auto --enable-checking=release --enable-clocale=gnu --enable-default-pie --enable-default-ssp --enable-gnu-indirect-function --enable-gnu-unique-object --enable-install-libiberty --enable-linker-build-id --enable-lto --enable-multilib --enable-plugin --enable-shared --enable-threads=posix --disable-libssp --disable-libstdcxx-pch --disable-libunwind-exceptions --disable-werror gdc_include_dir=/usr/include/dlang/gdc]
  ignore line: [Thread model: posix]
  ignore line: [Supported LTO compression algorithms: zlib zstd]
  ignore line: [gcc version 10.2.0 (GCC) ]
  ignore line: [COMPILER_PATH=/usr/lib/gcc/x86_64-pc-linux-gnu/10.2.0/:/usr/lib/gcc/x86_64-pc-linux-gnu/10.2.0/:/usr/lib/gcc/x86_64-pc-linux-gnu/:/usr/lib/gcc/x86_64-pc-linux-gnu/10.2.0/:/usr/lib/gcc/x86_64-pc-linux-gnu/]
  ignore line: [LIBRARY_PATH=/usr/lib/gcc/x86_64-pc-linux-gnu/10.2.0/:/usr/lib/gcc/x86_64-pc-linux-gnu/10.2.0/../../../../lib/:/lib/../lib/:/usr/lib/../lib/:/usr/lib/gcc/x86_64-pc-linux-gnu/10.2.0/../../../:/lib/:/usr/lib/]
  ignore line: [COLLECT_GCC_OPTIONS='-v' '-o' 'cmTC_6f3c2' '-shared-libgcc' '-mtune=generic' '-march=x86-64']
  link line: [ /usr/lib/gcc/x86_64-pc-linux-gnu/10.2.0/collect2 -plugin /usr/lib/gcc/x86_64-pc-linux-gnu/10.2.0/liblto_plugin.so -plugin-opt=/usr/lib/gcc/x86_64-pc-linux-gnu/10.2.0/lto-wrapper -plugin-opt=-fresolution=/tmp/cchFwoyC.res -plugin-opt=-pass-through=-lgcc_s -plugin-opt=-pass-through=-lgcc -plugin-opt=-pass-through=-lc -plugin-opt=-pass-through=-lgcc_s -plugin-opt=-pass-through=-lgcc --build-id --eh-frame-hdr --hash-style=gnu -m elf_x86_64 -dynamic-linker /lib64/ld-linux-x86-64.so.2 -pie -o cmTC_6f3c2 /usr/lib/gcc/x86_64-pc-linux-gnu/10.2.0/../../../../lib/Scrt1.o /usr/lib/gcc/x86_64-pc-linux-gnu/10.2.0/../../../../lib/crti.o /usr/lib/gcc/x86_64-pc-linux-gnu/10.2.0/crtbeginS.o -L/usr/lib/gcc/x86_64-pc-linux-gnu/10.2.0 -L/usr/lib/gcc/x86_64-pc-linux-gnu/10.2.0/../../../../lib -L/lib/../lib -L/usr/lib/../lib -L/usr/lib/gcc/x86_64-pc-linux-gnu/10.2.0/../../.. CMakeFiles/cmTC_6f3c2.dir/CMakeCXXCompilerABI.cpp.o -lstdc++ -lm -lgcc_s -lgcc -lc -lgcc_s -lgcc /usr/lib/gcc/x86_64-pc-linux-gnu/10.2.0/crtendS.o /usr/lib/gcc/x86_64-pc-linux-gnu/10.2.0/../../../../lib/crtn.o]
    arg [/usr/lib/gcc/x86_64-pc-linux-gnu/10.2.0/collect2] ==> ignore
    arg [-plugin] ==> ignore
    arg [/usr/lib/gcc/x86_64-pc-linux-gnu/10.2.0/liblto_plugin.so] ==> ignore
    arg [-plugin-opt=/usr/lib/gcc/x86_64-pc-linux-gnu/10.2.0/lto-wrapper] ==> ignore
    arg [-plugin-opt=-fresolution=/tmp/cchFwoyC.res] ==> ignore
    arg [-plugin-opt=-pass-through=-lgcc_s] ==> ignore
    arg [-plugin-opt=-pass-through=-lgcc] ==> ignore
    arg [-plugin-opt=-pass-through=-lc] ==> ignore
    arg [-plugin-opt=-pass-through=-lgcc_s] ==> ignore
    arg [-plugin-opt=-pass-through=-lgcc] ==> ignore
    arg [--build-id] ==> ignore
    arg [--eh-frame-hdr] ==> ignore
    arg [--hash-style=gnu] ==> ignore
    arg [-m] ==> ignore
    arg [elf_x86_64] ==> ignore
    arg [-dynamic-linker] ==> ignore
    arg [/lib64/ld-linux-x86-64.so.2] ==> ignore
    arg [-pie] ==> ignore
    arg [-o] ==> ignore
    arg [cmTC_6f3c2] ==> ignore
    arg [/usr/lib/gcc/x86_64-pc-linux-gnu/10.2.0/../../../../lib/Scrt1.o] ==> obj [/usr/lib/gcc/x86_64-pc-linux-gnu/10.2.0/../../../../lib/Scrt1.o]
    arg [/usr/lib/gcc/x86_64-pc-linux-gnu/10.2.0/../../../../lib/crti.o] ==> obj [/usr/lib/gcc/x86_64-pc-linux-gnu/10.2.0/../../../../lib/crti.o]
    arg [/usr/lib/gcc/x86_64-pc-linux-gnu/10.2.0/crtbeginS.o] ==> obj [/usr/lib/gcc/x86_64-pc-linux-gnu/10.2.0/crtbeginS.o]
    arg [-L/usr/lib/gcc/x86_64-pc-linux-gnu/10.2.0] ==> dir [/usr/lib/gcc/x86_64-pc-linux-gnu/10.2.0]
    arg [-L/usr/lib/gcc/x86_64-pc-linux-gnu/10.2.0/../../../../lib] ==> dir [/usr/lib/gcc/x86_64-pc-linux-gnu/10.2.0/../../../../lib]
    arg [-L/lib/../lib] ==> dir [/lib/../lib]
    arg [-L/usr/lib/../lib] ==> dir [/usr/lib/../lib]
    arg [-L/usr/lib/gcc/x86_64-pc-linux-gnu/10.2.0/../../..] ==> dir [/usr/lib/gcc/x86_64-pc-linux-gnu/10.2.0/../../..]
    arg [CMakeFiles/cmTC_6f3c2.dir/CMakeCXXCompilerABI.cpp.o] ==> ignore
    arg [-lstdc++] ==> lib [stdc++]
    arg [-lm] ==> lib [m]
    arg [-lgcc_s] ==> lib [gcc_s]
    arg [-lgcc] ==> lib [gcc]
    arg [-lc] ==> lib [c]
    arg [-lgcc_s] ==> lib [gcc_s]
    arg [-lgcc] ==> lib [gcc]
    arg [/usr/lib/gcc/x86_64-pc-linux-gnu/10.2.0/crtendS.o] ==> obj [/usr/lib/gcc/x86_64-pc-linux-gnu/10.2.0/crtendS.o]
    arg [/usr/lib/gcc/x86_64-pc-linux-gnu/10.2.0/../../../../lib/crtn.o] ==> obj [/usr/lib/gcc/x86_64-pc-linux-gnu/10.2.0/../../../../lib/crtn.o]
  collapse obj [/usr/lib/gcc/x86_64-pc-linux-gnu/10.2.0/../../../../lib/Scrt1.o] ==> [/usr/lib/Scrt1.o]
  collapse obj [/usr/lib/gcc/x86_64-pc-linux-gnu/10.2.0/../../../../lib/crti.o] ==> [/usr/lib/crti.o]
  collapse obj [/usr/lib/gcc/x86_64-pc-linux-gnu/10.2.0/../../../../lib/crtn.o] ==> [/usr/lib/crtn.o]
  collapse library dir [/usr/lib/gcc/x86_64-pc-linux-gnu/10.2.0] ==> [/usr/lib/gcc/x86_64-pc-linux-gnu/10.2.0]
  collapse library dir [/usr/lib/gcc/x86_64-pc-linux-gnu/10.2.0/../../../../lib] ==> [/usr/lib]
  collapse library dir [/lib/../lib] ==> [/lib]
  collapse library dir [/usr/lib/../lib] ==> [/usr/lib]
  collapse library dir [/usr/lib/gcc/x86_64-pc-linux-gnu/10.2.0/../../..] ==> [/usr/lib]
  implicit libs: [stdc++;m;gcc_s;gcc;c;gcc_s;gcc]
  implicit objs: [/usr/lib/Scrt1.o;/usr/lib/crti.o;/usr/lib/gcc/x86_64-pc-linux-gnu/10.2.0/crtbeginS.o;/usr/lib/gcc/x86_64-pc-linux-gnu/10.2.0/crtendS.o;/usr/lib/crtn.o]
  implicit dirs: [/usr/lib/gcc/x86_64-pc-linux-gnu/10.2.0;/usr/lib;/lib]
  implicit fwks: []


The target system is: Generic -  - 
The host system is: Linux - 5.12.1-arch1-1 - x86_64
Compiling the C compiler identification source file "CMakeCCompilerId.c" succeeded.
Compiler: /home/coal/Desktop/Coding/ESP8266/Toolchain/xtensa-lx106-elf/bin/xtensa-lx106-elf-gcc 
Build flags: -mlongcalls;-Wno-frame-address
Id flags:  

The output was:
0


Compilation of the C compiler identification source "CMakeCCompilerId.c" produced "a.out"

The C compiler identification is GNU, found in "/home/coal/Desktop/Coding/ESP8266/Carmine-ESP8266/CMakeFiles/3.20.2/CompilerIdC/a.out"

Compiling the CXX compiler identification source file "CMakeCXXCompilerId.cpp" succeeded.
Compiler: /home/coal/Desktop/Coding/ESP8266/Toolchain/xtensa-lx106-elf/bin/xtensa-lx106-elf-g++ 
Build flags: -mlongcalls;-Wno-frame-address
Id flags:  

The output was:
0


Compilation of the CXX compiler identification source "CMakeCXXCompilerId.cpp" produced "a.out"

The CXX compiler identification is GNU, found in "/home/coal/Desktop/Coding/ESP8266/Carmine-ESP8266/CMakeFiles/3.20.2/CompilerIdCXX/a.out"

Checking whether the ASM compiler is GNU using "--version" matched "(GNU assembler)|(GCC)|(Free Software Foundation)":
xtensa-lx106-elf-gcc (crosstool-NG esp-2020r3-49-gd5524c1) 8.4.0
Copyright (C) 2018 Free Software Foundation, Inc.
This is free software; see the source for copying conditions.  There is NO
warranty; not even for MERCHANTABILITY or FITNESS FOR A PARTICULAR PURPOSE.

Detecting C compiler ABI info compiled with the following output:
Change Dir: /home/coal/Desktop/Coding/ESP8266/Carmine-ESP8266/CMakeFiles/CMakeTmp

Run Build Command(s):/usr/bin/make -f Makefile cmTC_02ab8/fast && /usr/bin/make  -f CMakeFiles/cmTC_02ab8.dir/build.make CMakeFiles/cmTC_02ab8.dir/build
make[1]: Entering directory '/home/coal/Desktop/Coding/ESP8266/Carmine-ESP8266/CMakeFiles/CMakeTmp'
Building C object CMakeFiles/cmTC_02ab8.dir/CMakeCCompilerABI.c.obj
/home/coal/Desktop/Coding/ESP8266/Toolchain/xtensa-lx106-elf/bin/xtensa-lx106-elf-gcc   -mlongcalls -Wno-frame-address    -v -o CMakeFiles/cmTC_02ab8.dir/CMakeCCompilerABI.c.obj -c /usr/share/cmake-3.20/Modules/CMakeCCompilerABI.c
Using built-in specs.
COLLECT_GCC=/home/coal/Desktop/Coding/ESP8266/Toolchain/xtensa-lx106-elf/bin/xtensa-lx106-elf-gcc
Target: xtensa-lx106-elf
Configured with: /builds/idf/crosstool-NG/.build/xtensa-lx106-elf/src/gcc/configure --build=x86_64-build_pc-linux-gnu --host=x86_64-build_pc-linux-gnu --target=xtensa-lx106-elf --prefix=/builds/idf/crosstool-NG/builds/xtensa-lx106-elf --with-local-prefix=/builds/idf/crosstool-NG/builds/xtensa-lx106-elf/xtensa-lx106-elf --with-headers=/builds/idf/crosstool-NG/builds/xtensa-lx106-elf/xtensa-lx106-elf/include --with-newlib --enable-threads=no --disable-shared --with-pkgversion='crosstool-NG esp-2020r3-49-gd5524c1' --disable-__cxa_atexit --enable-cxx-flags=-ffunction-sections --disable-libgomp --disable-libmudflap --disable-libmpx --disable-libssp --disable-libquadmath --disable-libquadmath-support --with-gmp=/builds/idf/crosstool-NG/.build/xtensa-lx106-elf/buildtools --with-mpfr=/builds/idf/crosstool-NG/.build/xtensa-lx106-elf/buildtools --with-mpc=/builds/idf/crosstool-NG/.build/xtensa-lx106-elf/buildtools --with-isl=/builds/idf/crosstool-NG/.build/xtensa-lx106-elf/buildtools --enable-lto --enable-target-optspace --without-long-double-128 --disable-nls --enable-multiarch --enable-languages=c,c++ --disable-libstdcxx-verbose --enable-threads=posix --enable-libstdcxx-time=yes
Thread model: posix
gcc version 8.4.0 (crosstool-NG esp-2020r3-49-gd5524c1) 
COLLECT_GCC_OPTIONS='-mlongcalls' '-Wno-frame-address' '-v' '-o' 'CMakeFiles/cmTC_02ab8.dir/CMakeCCompilerABI.c.obj' '-c'
 /home/coal/Desktop/Coding/ESP8266/Toolchain/xtensa-lx106-elf/bin/../libexec/gcc/xtensa-lx106-elf/8.4.0/cc1 -quiet -v -iprefix /home/coal/Desktop/Coding/ESP8266/Toolchain/xtensa-lx106-elf/bin/../lib/gcc/xtensa-lx106-elf/8.4.0/ /usr/share/cmake-3.20/Modules/CMakeCCompilerABI.c -quiet -dumpbase CMakeCCompilerABI.c -mlongcalls -auxbase-strip CMakeFiles/cmTC_02ab8.dir/CMakeCCompilerABI.c.obj -Wno-frame-address -version -o /tmp/ccaNQ9jv.s
GNU C17 (crosstool-NG esp-2020r3-49-gd5524c1) version 8.4.0 (xtensa-lx106-elf)
	compiled by GNU C version 4.9.2, GMP version 6.1.2, MPFR version 4.0.1, MPC version 1.1.0, isl version isl-0.19-GMP

GGC heuristics: --param ggc-min-expand=100 --param ggc-min-heapsize=131072
ignoring duplicate directory "/home/coal/Desktop/Coding/ESP8266/Toolchain/xtensa-lx106-elf/bin/../lib/gcc/../../lib/gcc/xtensa-lx106-elf/8.4.0/include"
ignoring duplicate directory "/home/coal/Desktop/Coding/ESP8266/Toolchain/xtensa-lx106-elf/bin/../lib/gcc/../../lib/gcc/xtensa-lx106-elf/8.4.0/include-fixed"
ignoring duplicate directory "/home/coal/Desktop/Coding/ESP8266/Toolchain/xtensa-lx106-elf/bin/../lib/gcc/../../lib/gcc/xtensa-lx106-elf/8.4.0/../../../../xtensa-lx106-elf/sys-include"
ignoring duplicate directory "/home/coal/Desktop/Coding/ESP8266/Toolchain/xtensa-lx106-elf/bin/../lib/gcc/../../lib/gcc/xtensa-lx106-elf/8.4.0/../../../../xtensa-lx106-elf/include"
#include "..." search starts here:
#include <...> search starts here:
 /home/coal/Desktop/Coding/ESP8266/Toolchain/xtensa-lx106-elf/bin/../lib/gcc/xtensa-lx106-elf/8.4.0/include
 /home/coal/Desktop/Coding/ESP8266/Toolchain/xtensa-lx106-elf/bin/../lib/gcc/xtensa-lx106-elf/8.4.0/include-fixed
 /home/coal/Desktop/Coding/ESP8266/Toolchain/xtensa-lx106-elf/bin/../lib/gcc/xtensa-lx106-elf/8.4.0/../../../../xtensa-lx106-elf/sys-include
 /home/coal/Desktop/Coding/ESP8266/Toolchain/xtensa-lx106-elf/bin/../lib/gcc/xtensa-lx106-elf/8.4.0/../../../../xtensa-lx106-elf/include
End of search list.
GNU C17 (crosstool-NG esp-2020r3-49-gd5524c1) version 8.4.0 (xtensa-lx106-elf)
	compiled by GNU C version 4.9.2, GMP version 6.1.2, MPFR version 4.0.1, MPC version 1.1.0, isl version isl-0.19-GMP

GGC heuristics: --param ggc-min-expand=100 --param ggc-min-heapsize=131072
Compiler executable checksum: 48e58fa3e6eb2de9fad439857fcdf42a
COLLECT_GCC_OPTIONS='-mlongcalls' '-Wno-frame-address' '-v' '-o' 'CMakeFiles/cmTC_02ab8.dir/CMakeCCompilerABI.c.obj' '-c'
 /home/coal/Desktop/Coding/ESP8266/Toolchain/xtensa-lx106-elf/bin/../lib/gcc/xtensa-lx106-elf/8.4.0/../../../../xtensa-lx106-elf/bin/as --traditional-format --longcalls -o CMakeFiles/cmTC_02ab8.dir/CMakeCCompilerABI.c.obj /tmp/ccaNQ9jv.s
COMPILER_PATH=/home/coal/Desktop/Coding/ESP8266/Toolchain/xtensa-lx106-elf/bin/../libexec/gcc/xtensa-lx106-elf/8.4.0/:/home/coal/Desktop/Coding/ESP8266/Toolchain/xtensa-lx106-elf/bin/../libexec/gcc/:/home/coal/Desktop/Coding/ESP8266/Toolchain/xtensa-lx106-elf/bin/../lib/gcc/xtensa-lx106-elf/8.4.0/../../../../xtensa-lx106-elf/bin/
LIBRARY_PATH=/home/coal/Desktop/Coding/ESP8266/Toolchain/xtensa-lx106-elf/bin/../lib/gcc/xtensa-lx106-elf/8.4.0/:/home/coal/Desktop/Coding/ESP8266/Toolchain/xtensa-lx106-elf/bin/../lib/gcc/:/home/coal/Desktop/Coding/ESP8266/Toolchain/xtensa-lx106-elf/bin/../lib/gcc/xtensa-lx106-elf/8.4.0/../../../../xtensa-lx106-elf/lib/
COLLECT_GCC_OPTIONS='-mlongcalls' '-Wno-frame-address' '-v' '-o' 'CMakeFiles/cmTC_02ab8.dir/CMakeCCompilerABI.c.obj' '-c'
Linking C executable cmTC_02ab8
/usr/bin/cmake -E cmake_link_script CMakeFiles/cmTC_02ab8.dir/link.txt --verbose=1
/home/coal/Desktop/Coding/ESP8266/Toolchain/xtensa-lx106-elf/bin/xtensa-lx106-elf-gcc -mlongcalls -Wno-frame-address  -nostdlib -Wl,--gc-sections -v CMakeFiles/cmTC_02ab8.dir/CMakeCCompilerABI.c.obj -o cmTC_02ab8 
Using built-in specs.
COLLECT_GCC=/home/coal/Desktop/Coding/ESP8266/Toolchain/xtensa-lx106-elf/bin/xtensa-lx106-elf-gcc
COLLECT_LTO_WRAPPER=/home/coal/Desktop/Coding/ESP8266/Toolchain/xtensa-lx106-elf/bin/../libexec/gcc/xtensa-lx106-elf/8.4.0/lto-wrapper
Target: xtensa-lx106-elf
Configured with: /builds/idf/crosstool-NG/.build/xtensa-lx106-elf/src/gcc/configure --build=x86_64-build_pc-linux-gnu --host=x86_64-build_pc-linux-gnu --target=xtensa-lx106-elf --prefix=/builds/idf/crosstool-NG/builds/xtensa-lx106-elf --with-local-prefix=/builds/idf/crosstool-NG/builds/xtensa-lx106-elf/xtensa-lx106-elf --with-headers=/builds/idf/crosstool-NG/builds/xtensa-lx106-elf/xtensa-lx106-elf/include --with-newlib --enable-threads=no --disable-shared --with-pkgversion='crosstool-NG esp-2020r3-49-gd5524c1' --disable-__cxa_atexit --enable-cxx-flags=-ffunction-sections --disable-libgomp --disable-libmudflap --disable-libmpx --disable-libssp --disable-libquadmath --disable-libquadmath-support --with-gmp=/builds/idf/crosstool-NG/.build/xtensa-lx106-elf/buildtools --with-mpfr=/builds/idf/crosstool-NG/.build/xtensa-lx106-elf/buildtools --with-mpc=/builds/idf/crosstool-NG/.build/xtensa-lx106-elf/buildtools --with-isl=/builds/idf/crosstool-NG/.build/xtensa-lx106-elf/buildtools --enable-lto --enable-target-optspace --without-long-double-128 --disable-nls --enable-multiarch --enable-languages=c,c++ --disable-libstdcxx-verbose --enable-threads=posix --enable-libstdcxx-time=yes
Thread model: posix
gcc version 8.4.0 (crosstool-NG esp-2020r3-49-gd5524c1) 
COMPILER_PATH=/home/coal/Desktop/Coding/ESP8266/Toolchain/xtensa-lx106-elf/bin/../libexec/gcc/xtensa-lx106-elf/8.4.0/:/home/coal/Desktop/Coding/ESP8266/Toolchain/xtensa-lx106-elf/bin/../libexec/gcc/:/home/coal/Desktop/Coding/ESP8266/Toolchain/xtensa-lx106-elf/bin/../lib/gcc/xtensa-lx106-elf/8.4.0/../../../../xtensa-lx106-elf/bin/
LIBRARY_PATH=/home/coal/Desktop/Coding/ESP8266/Toolchain/xtensa-lx106-elf/bin/../lib/gcc/xtensa-lx106-elf/8.4.0/:/home/coal/Desktop/Coding/ESP8266/Toolchain/xtensa-lx106-elf/bin/../lib/gcc/:/home/coal/Desktop/Coding/ESP8266/Toolchain/xtensa-lx106-elf/bin/../lib/gcc/xtensa-lx106-elf/8.4.0/../../../../xtensa-lx106-elf/lib/
COLLECT_GCC_OPTIONS='-mlongcalls' '-Wno-frame-address' '-nostdlib' '-v' '-o' 'cmTC_02ab8'
 /home/coal/Desktop/Coding/ESP8266/Toolchain/xtensa-lx106-elf/bin/../libexec/gcc/xtensa-lx106-elf/8.4.0/collect2 -plugin /home/coal/Desktop/Coding/ESP8266/Toolchain/xtensa-lx106-elf/bin/../libexec/gcc/xtensa-lx106-elf/8.4.0/liblto_plugin.so -plugin-opt=/home/coal/Desktop/Coding/ESP8266/Toolchain/xtensa-lx106-elf/bin/../libexec/gcc/xtensa-lx106-elf/8.4.0/lto-wrapper -plugin-opt=-fresolution=/tmp/ccDbogv2.res -o cmTC_02ab8 -L/home/coal/Desktop/Coding/ESP8266/Toolchain/xtensa-lx106-elf/bin/../lib/gcc/xtensa-lx106-elf/8.4.0 -L/home/coal/Desktop/Coding/ESP8266/Toolchain/xtensa-lx106-elf/bin/../lib/gcc -L/home/coal/Desktop/Coding/ESP8266/Toolchain/xtensa-lx106-elf/bin/../lib/gcc/xtensa-lx106-elf/8.4.0/../../../../xtensa-lx106-elf/lib --gc-sections CMakeFiles/cmTC_02ab8.dir/CMakeCCompilerABI.c.obj
/home/coal/Desktop/Coding/ESP8266/Toolchain/xtensa-lx106-elf/bin/../lib/gcc/xtensa-lx106-elf/8.4.0/../../../../xtensa-lx106-elf/bin/ld: warning: cannot find entry symbol _start; not setting start address
COLLECT_GCC_OPTIONS='-mlongcalls' '-Wno-frame-address' '-nostdlib' '-v' '-o' 'cmTC_02ab8'
make[1]: Leaving directory '/home/coal/Desktop/Coding/ESP8266/Carmine-ESP8266/CMakeFiles/CMakeTmp'



Parsed C implicit include dir info from above output: rv=done
  found start of include info
  found start of implicit include info
    add: [/home/coal/Desktop/Coding/ESP8266/Toolchain/xtensa-lx106-elf/bin/../lib/gcc/xtensa-lx106-elf/8.4.0/include]
    add: [/home/coal/Desktop/Coding/ESP8266/Toolchain/xtensa-lx106-elf/bin/../lib/gcc/xtensa-lx106-elf/8.4.0/include-fixed]
    add: [/home/coal/Desktop/Coding/ESP8266/Toolchain/xtensa-lx106-elf/bin/../lib/gcc/xtensa-lx106-elf/8.4.0/../../../../xtensa-lx106-elf/sys-include]
    add: [/home/coal/Desktop/Coding/ESP8266/Toolchain/xtensa-lx106-elf/bin/../lib/gcc/xtensa-lx106-elf/8.4.0/../../../../xtensa-lx106-elf/include]
  end of search list found
  collapse include dir [/home/coal/Desktop/Coding/ESP8266/Toolchain/xtensa-lx106-elf/bin/../lib/gcc/xtensa-lx106-elf/8.4.0/include] ==> [/home/coal/Desktop/Coding/ESP8266/Toolchain/xtensa-lx106-elf/lib/gcc/xtensa-lx106-elf/8.4.0/include]
  collapse include dir [/home/coal/Desktop/Coding/ESP8266/Toolchain/xtensa-lx106-elf/bin/../lib/gcc/xtensa-lx106-elf/8.4.0/include-fixed] ==> [/home/coal/Desktop/Coding/ESP8266/Toolchain/xtensa-lx106-elf/lib/gcc/xtensa-lx106-elf/8.4.0/include-fixed]
  collapse include dir [/home/coal/Desktop/Coding/ESP8266/Toolchain/xtensa-lx106-elf/bin/../lib/gcc/xtensa-lx106-elf/8.4.0/../../../../xtensa-lx106-elf/sys-include] ==> [/home/coal/Desktop/Coding/ESP8266/Toolchain/xtensa-lx106-elf/xtensa-lx106-elf/sys-include]
  collapse include dir [/home/coal/Desktop/Coding/ESP8266/Toolchain/xtensa-lx106-elf/bin/../lib/gcc/xtensa-lx106-elf/8.4.0/../../../../xtensa-lx106-elf/include] ==> [/home/coal/Desktop/Coding/ESP8266/Toolchain/xtensa-lx106-elf/xtensa-lx106-elf/include]
  implicit include dirs: [/home/coal/Desktop/Coding/ESP8266/Toolchain/xtensa-lx106-elf/lib/gcc/xtensa-lx106-elf/8.4.0/include;/home/coal/Desktop/Coding/ESP8266/Toolchain/xtensa-lx106-elf/lib/gcc/xtensa-lx106-elf/8.4.0/include-fixed;/home/coal/Desktop/Coding/ESP8266/Toolchain/xtensa-lx106-elf/xtensa-lx106-elf/sys-include;/home/coal/Desktop/Coding/ESP8266/Toolchain/xtensa-lx106-elf/xtensa-lx106-elf/include]


Parsed C implicit link information from above output:
  link line regex: [^( *|.*[/\])(xtensa-lx106-elf-ld|CMAKE_LINK_STARTFILE-NOTFOUND|([^/\]+-)?ld|collect2)[^/\]*( |$)]
  ignore line: [Change Dir: /home/coal/Desktop/Coding/ESP8266/Carmine-ESP8266/CMakeFiles/CMakeTmp]
  ignore line: []
  ignore line: [Run Build Command(s):/usr/bin/make -f Makefile cmTC_02ab8/fast && /usr/bin/make  -f CMakeFiles/cmTC_02ab8.dir/build.make CMakeFiles/cmTC_02ab8.dir/build]
  ignore line: [make[1]: Entering directory '/home/coal/Desktop/Coding/ESP8266/Carmine-ESP8266/CMakeFiles/CMakeTmp']
  ignore line: [Building C object CMakeFiles/cmTC_02ab8.dir/CMakeCCompilerABI.c.obj]
  ignore line: [/home/coal/Desktop/Coding/ESP8266/Toolchain/xtensa-lx106-elf/bin/xtensa-lx106-elf-gcc   -mlongcalls -Wno-frame-address    -v -o CMakeFiles/cmTC_02ab8.dir/CMakeCCompilerABI.c.obj -c /usr/share/cmake-3.20/Modules/CMakeCCompilerABI.c]
  ignore line: [Using built-in specs.]
  ignore line: [COLLECT_GCC=/home/coal/Desktop/Coding/ESP8266/Toolchain/xtensa-lx106-elf/bin/xtensa-lx106-elf-gcc]
  ignore line: [Target: xtensa-lx106-elf]
  ignore line: [Configured with: /builds/idf/crosstool-NG/.build/xtensa-lx106-elf/src/gcc/configure --build=x86_64-build_pc-linux-gnu --host=x86_64-build_pc-linux-gnu --target=xtensa-lx106-elf --prefix=/builds/idf/crosstool-NG/builds/xtensa-lx106-elf --with-local-prefix=/builds/idf/crosstool-NG/builds/xtensa-lx106-elf/xtensa-lx106-elf --with-headers=/builds/idf/crosstool-NG/builds/xtensa-lx106-elf/xtensa-lx106-elf/include --with-newlib --enable-threads=no --disable-shared --with-pkgversion='crosstool-NG esp-2020r3-49-gd5524c1' --disable-__cxa_atexit --enable-cxx-flags=-ffunction-sections --disable-libgomp --disable-libmudflap --disable-libmpx --disable-libssp --disable-libquadmath --disable-libquadmath-support --with-gmp=/builds/idf/crosstool-NG/.build/xtensa-lx106-elf/buildtools --with-mpfr=/builds/idf/crosstool-NG/.build/xtensa-lx106-elf/buildtools --with-mpc=/builds/idf/crosstool-NG/.build/xtensa-lx106-elf/buildtools --with-isl=/builds/idf/crosstool-NG/.build/xtensa-lx106-elf/buildtools --enable-lto --enable-target-optspace --without-long-double-128 --disable-nls --enable-multiarch --enable-languages=c c++ --disable-libstdcxx-verbose --enable-threads=posix --enable-libstdcxx-time=yes]
  ignore line: [Thread model: posix]
  ignore line: [gcc version 8.4.0 (crosstool-NG esp-2020r3-49-gd5524c1) ]
  ignore line: [COLLECT_GCC_OPTIONS='-mlongcalls' '-Wno-frame-address' '-v' '-o' 'CMakeFiles/cmTC_02ab8.dir/CMakeCCompilerABI.c.obj' '-c']
  ignore line: [ /home/coal/Desktop/Coding/ESP8266/Toolchain/xtensa-lx106-elf/bin/../libexec/gcc/xtensa-lx106-elf/8.4.0/cc1 -quiet -v -iprefix /home/coal/Desktop/Coding/ESP8266/Toolchain/xtensa-lx106-elf/bin/../lib/gcc/xtensa-lx106-elf/8.4.0/ /usr/share/cmake-3.20/Modules/CMakeCCompilerABI.c -quiet -dumpbase CMakeCCompilerABI.c -mlongcalls -auxbase-strip CMakeFiles/cmTC_02ab8.dir/CMakeCCompilerABI.c.obj -Wno-frame-address -version -o /tmp/ccaNQ9jv.s]
  ignore line: [GNU C17 (crosstool-NG esp-2020r3-49-gd5524c1) version 8.4.0 (xtensa-lx106-elf)]
  ignore line: [	compiled by GNU C version 4.9.2  GMP version 6.1.2  MPFR version 4.0.1  MPC version 1.1.0  isl version isl-0.19-GMP]
  ignore line: []
  ignore line: [GGC heuristics: --param ggc-min-expand=100 --param ggc-min-heapsize=131072]
  ignore line: [ignoring duplicate directory "/home/coal/Desktop/Coding/ESP8266/Toolchain/xtensa-lx106-elf/bin/../lib/gcc/../../lib/gcc/xtensa-lx106-elf/8.4.0/include"]
  ignore line: [ignoring duplicate directory "/home/coal/Desktop/Coding/ESP8266/Toolchain/xtensa-lx106-elf/bin/../lib/gcc/../../lib/gcc/xtensa-lx106-elf/8.4.0/include-fixed"]
  ignore line: [ignoring duplicate directory "/home/coal/Desktop/Coding/ESP8266/Toolchain/xtensa-lx106-elf/bin/../lib/gcc/../../lib/gcc/xtensa-lx106-elf/8.4.0/../../../../xtensa-lx106-elf/sys-include"]
  ignore line: [ignoring duplicate directory "/home/coal/Desktop/Coding/ESP8266/Toolchain/xtensa-lx106-elf/bin/../lib/gcc/../../lib/gcc/xtensa-lx106-elf/8.4.0/../../../../xtensa-lx106-elf/include"]
  ignore line: [#include "..." search starts here:]
  ignore line: [#include <...> search starts here:]
  ignore line: [ /home/coal/Desktop/Coding/ESP8266/Toolchain/xtensa-lx106-elf/bin/../lib/gcc/xtensa-lx106-elf/8.4.0/include]
  ignore line: [ /home/coal/Desktop/Coding/ESP8266/Toolchain/xtensa-lx106-elf/bin/../lib/gcc/xtensa-lx106-elf/8.4.0/include-fixed]
  ignore line: [ /home/coal/Desktop/Coding/ESP8266/Toolchain/xtensa-lx106-elf/bin/../lib/gcc/xtensa-lx106-elf/8.4.0/../../../../xtensa-lx106-elf/sys-include]
  ignore line: [ /home/coal/Desktop/Coding/ESP8266/Toolchain/xtensa-lx106-elf/bin/../lib/gcc/xtensa-lx106-elf/8.4.0/../../../../xtensa-lx106-elf/include]
  ignore line: [End of search list.]
  ignore line: [GNU C17 (crosstool-NG esp-2020r3-49-gd5524c1) version 8.4.0 (xtensa-lx106-elf)]
  ignore line: [	compiled by GNU C version 4.9.2  GMP version 6.1.2  MPFR version 4.0.1  MPC version 1.1.0  isl version isl-0.19-GMP]
  ignore line: []
  ignore line: [GGC heuristics: --param ggc-min-expand=100 --param ggc-min-heapsize=131072]
  ignore line: [Compiler executable checksum: 48e58fa3e6eb2de9fad439857fcdf42a]
  ignore line: [COLLECT_GCC_OPTIONS='-mlongcalls' '-Wno-frame-address' '-v' '-o' 'CMakeFiles/cmTC_02ab8.dir/CMakeCCompilerABI.c.obj' '-c']
  ignore line: [ /home/coal/Desktop/Coding/ESP8266/Toolchain/xtensa-lx106-elf/bin/../lib/gcc/xtensa-lx106-elf/8.4.0/../../../../xtensa-lx106-elf/bin/as --traditional-format --longcalls -o CMakeFiles/cmTC_02ab8.dir/CMakeCCompilerABI.c.obj /tmp/ccaNQ9jv.s]
  ignore line: [COMPILER_PATH=/home/coal/Desktop/Coding/ESP8266/Toolchain/xtensa-lx106-elf/bin/../libexec/gcc/xtensa-lx106-elf/8.4.0/:/home/coal/Desktop/Coding/ESP8266/Toolchain/xtensa-lx106-elf/bin/../libexec/gcc/:/home/coal/Desktop/Coding/ESP8266/Toolchain/xtensa-lx106-elf/bin/../lib/gcc/xtensa-lx106-elf/8.4.0/../../../../xtensa-lx106-elf/bin/]
  ignore line: [LIBRARY_PATH=/home/coal/Desktop/Coding/ESP8266/Toolchain/xtensa-lx106-elf/bin/../lib/gcc/xtensa-lx106-elf/8.4.0/:/home/coal/Desktop/Coding/ESP8266/Toolchain/xtensa-lx106-elf/bin/../lib/gcc/:/home/coal/Desktop/Coding/ESP8266/Toolchain/xtensa-lx106-elf/bin/../lib/gcc/xtensa-lx106-elf/8.4.0/../../../../xtensa-lx106-elf/lib/]
  ignore line: [COLLECT_GCC_OPTIONS='-mlongcalls' '-Wno-frame-address' '-v' '-o' 'CMakeFiles/cmTC_02ab8.dir/CMakeCCompilerABI.c.obj' '-c']
  ignore line: [Linking C executable cmTC_02ab8]
  ignore line: [/usr/bin/cmake -E cmake_link_script CMakeFiles/cmTC_02ab8.dir/link.txt --verbose=1]
  ignore line: [/home/coal/Desktop/Coding/ESP8266/Toolchain/xtensa-lx106-elf/bin/xtensa-lx106-elf-gcc -mlongcalls -Wno-frame-address  -nostdlib -Wl --gc-sections -v CMakeFiles/cmTC_02ab8.dir/CMakeCCompilerABI.c.obj -o cmTC_02ab8 ]
  ignore line: [Using built-in specs.]
  ignore line: [COLLECT_GCC=/home/coal/Desktop/Coding/ESP8266/Toolchain/xtensa-lx106-elf/bin/xtensa-lx106-elf-gcc]
  ignore line: [COLLECT_LTO_WRAPPER=/home/coal/Desktop/Coding/ESP8266/Toolchain/xtensa-lx106-elf/bin/../libexec/gcc/xtensa-lx106-elf/8.4.0/lto-wrapper]
  ignore line: [Target: xtensa-lx106-elf]
  ignore line: [Configured with: /builds/idf/crosstool-NG/.build/xtensa-lx106-elf/src/gcc/configure --build=x86_64-build_pc-linux-gnu --host=x86_64-build_pc-linux-gnu --target=xtensa-lx106-elf --prefix=/builds/idf/crosstool-NG/builds/xtensa-lx106-elf --with-local-prefix=/builds/idf/crosstool-NG/builds/xtensa-lx106-elf/xtensa-lx106-elf --with-headers=/builds/idf/crosstool-NG/builds/xtensa-lx106-elf/xtensa-lx106-elf/include --with-newlib --enable-threads=no --disable-shared --with-pkgversion='crosstool-NG esp-2020r3-49-gd5524c1' --disable-__cxa_atexit --enable-cxx-flags=-ffunction-sections --disable-libgomp --disable-libmudflap --disable-libmpx --disable-libssp --disable-libquadmath --disable-libquadmath-support --with-gmp=/builds/idf/crosstool-NG/.build/xtensa-lx106-elf/buildtools --with-mpfr=/builds/idf/crosstool-NG/.build/xtensa-lx106-elf/buildtools --with-mpc=/builds/idf/crosstool-NG/.build/xtensa-lx106-elf/buildtools --with-isl=/builds/idf/crosstool-NG/.build/xtensa-lx106-elf/buildtools --enable-lto --enable-target-optspace --without-long-double-128 --disable-nls --enable-multiarch --enable-languages=c c++ --disable-libstdcxx-verbose --enable-threads=posix --enable-libstdcxx-time=yes]
  ignore line: [Thread model: posix]
  ignore line: [gcc version 8.4.0 (crosstool-NG esp-2020r3-49-gd5524c1) ]
  ignore line: [COMPILER_PATH=/home/coal/Desktop/Coding/ESP8266/Toolchain/xtensa-lx106-elf/bin/../libexec/gcc/xtensa-lx106-elf/8.4.0/:/home/coal/Desktop/Coding/ESP8266/Toolchain/xtensa-lx106-elf/bin/../libexec/gcc/:/home/coal/Desktop/Coding/ESP8266/Toolchain/xtensa-lx106-elf/bin/../lib/gcc/xtensa-lx106-elf/8.4.0/../../../../xtensa-lx106-elf/bin/]
  ignore line: [LIBRARY_PATH=/home/coal/Desktop/Coding/ESP8266/Toolchain/xtensa-lx106-elf/bin/../lib/gcc/xtensa-lx106-elf/8.4.0/:/home/coal/Desktop/Coding/ESP8266/Toolchain/xtensa-lx106-elf/bin/../lib/gcc/:/home/coal/Desktop/Coding/ESP8266/Toolchain/xtensa-lx106-elf/bin/../lib/gcc/xtensa-lx106-elf/8.4.0/../../../../xtensa-lx106-elf/lib/]
  ignore line: [COLLECT_GCC_OPTIONS='-mlongcalls' '-Wno-frame-address' '-nostdlib' '-v' '-o' 'cmTC_02ab8']
  link line: [ /home/coal/Desktop/Coding/ESP8266/Toolchain/xtensa-lx106-elf/bin/../libexec/gcc/xtensa-lx106-elf/8.4.0/collect2 -plugin /home/coal/Desktop/Coding/ESP8266/Toolchain/xtensa-lx106-elf/bin/../libexec/gcc/xtensa-lx106-elf/8.4.0/liblto_plugin.so -plugin-opt=/home/coal/Desktop/Coding/ESP8266/Toolchain/xtensa-lx106-elf/bin/../libexec/gcc/xtensa-lx106-elf/8.4.0/lto-wrapper -plugin-opt=-fresolution=/tmp/ccDbogv2.res -o cmTC_02ab8 -L/home/coal/Desktop/Coding/ESP8266/Toolchain/xtensa-lx106-elf/bin/../lib/gcc/xtensa-lx106-elf/8.4.0 -L/home/coal/Desktop/Coding/ESP8266/Toolchain/xtensa-lx106-elf/bin/../lib/gcc -L/home/coal/Desktop/Coding/ESP8266/Toolchain/xtensa-lx106-elf/bin/../lib/gcc/xtensa-lx106-elf/8.4.0/../../../../xtensa-lx106-elf/lib --gc-sections CMakeFiles/cmTC_02ab8.dir/CMakeCCompilerABI.c.obj]
    arg [/home/coal/Desktop/Coding/ESP8266/Toolchain/xtensa-lx106-elf/bin/../libexec/gcc/xtensa-lx106-elf/8.4.0/collect2] ==> ignore
    arg [-plugin] ==> ignore
    arg [/home/coal/Desktop/Coding/ESP8266/Toolchain/xtensa-lx106-elf/bin/../libexec/gcc/xtensa-lx106-elf/8.4.0/liblto_plugin.so] ==> ignore
    arg [-plugin-opt=/home/coal/Desktop/Coding/ESP8266/Toolchain/xtensa-lx106-elf/bin/../libexec/gcc/xtensa-lx106-elf/8.4.0/lto-wrapper] ==> ignore
    arg [-plugin-opt=-fresolution=/tmp/ccDbogv2.res] ==> ignore
    arg [-o] ==> ignore
    arg [cmTC_02ab8] ==> ignore
    arg [-L/home/coal/Desktop/Coding/ESP8266/Toolchain/xtensa-lx106-elf/bin/../lib/gcc/xtensa-lx106-elf/8.4.0] ==> dir [/home/coal/Desktop/Coding/ESP8266/Toolchain/xtensa-lx106-elf/bin/../lib/gcc/xtensa-lx106-elf/8.4.0]
    arg [-L/home/coal/Desktop/Coding/ESP8266/Toolchain/xtensa-lx106-elf/bin/../lib/gcc] ==> dir [/home/coal/Desktop/Coding/ESP8266/Toolchain/xtensa-lx106-elf/bin/../lib/gcc]
    arg [-L/home/coal/Desktop/Coding/ESP8266/Toolchain/xtensa-lx106-elf/bin/../lib/gcc/xtensa-lx106-elf/8.4.0/../../../../xtensa-lx106-elf/lib] ==> dir [/home/coal/Desktop/Coding/ESP8266/Toolchain/xtensa-lx106-elf/bin/../lib/gcc/xtensa-lx106-elf/8.4.0/../../../../xtensa-lx106-elf/lib]
    arg [--gc-sections] ==> ignore
    arg [CMakeFiles/cmTC_02ab8.dir/CMakeCCompilerABI.c.obj] ==> ignore
  collapse library dir [/home/coal/Desktop/Coding/ESP8266/Toolchain/xtensa-lx106-elf/bin/../lib/gcc/xtensa-lx106-elf/8.4.0] ==> [/home/coal/Desktop/Coding/ESP8266/Toolchain/xtensa-lx106-elf/lib/gcc/xtensa-lx106-elf/8.4.0]
  collapse library dir [/home/coal/Desktop/Coding/ESP8266/Toolchain/xtensa-lx106-elf/bin/../lib/gcc] ==> [/home/coal/Desktop/Coding/ESP8266/Toolchain/xtensa-lx106-elf/lib/gcc]
  collapse library dir [/home/coal/Desktop/Coding/ESP8266/Toolchain/xtensa-lx106-elf/bin/../lib/gcc/xtensa-lx106-elf/8.4.0/../../../../xtensa-lx106-elf/lib] ==> [/home/coal/Desktop/Coding/ESP8266/Toolchain/xtensa-lx106-elf/xtensa-lx106-elf/lib]
  implicit libs: []
  implicit objs: []
  implicit dirs: [/home/coal/Desktop/Coding/ESP8266/Toolchain/xtensa-lx106-elf/lib/gcc/xtensa-lx106-elf/8.4.0;/home/coal/Desktop/Coding/ESP8266/Toolchain/xtensa-lx106-elf/lib/gcc;/home/coal/Desktop/Coding/ESP8266/Toolchain/xtensa-lx106-elf/xtensa-lx106-elf/lib]
  implicit fwks: []


Detecting CXX compiler ABI info compiled with the following output:
Change Dir: /home/coal/Desktop/Coding/ESP8266/Carmine-ESP8266/CMakeFiles/CMakeTmp

Run Build Command(s):/usr/bin/make -f Makefile cmTC_a5375/fast && /usr/bin/make  -f CMakeFiles/cmTC_a5375.dir/build.make CMakeFiles/cmTC_a5375.dir/build
make[1]: Entering directory '/home/coal/Desktop/Coding/ESP8266/Carmine-ESP8266/CMakeFiles/CMakeTmp'
Building CXX object CMakeFiles/cmTC_a5375.dir/CMakeCXXCompilerABI.cpp.obj
/home/coal/Desktop/Coding/ESP8266/Toolchain/xtensa-lx106-elf/bin/xtensa-lx106-elf-g++   -mlongcalls -Wno-frame-address    -v -o CMakeFiles/cmTC_a5375.dir/CMakeCXXCompilerABI.cpp.obj -c /usr/share/cmake-3.20/Modules/CMakeCXXCompilerABI.cpp
Using built-in specs.
COLLECT_GCC=/home/coal/Desktop/Coding/ESP8266/Toolchain/xtensa-lx106-elf/bin/xtensa-lx106-elf-g++
Target: xtensa-lx106-elf
Configured with: /builds/idf/crosstool-NG/.build/xtensa-lx106-elf/src/gcc/configure --build=x86_64-build_pc-linux-gnu --host=x86_64-build_pc-linux-gnu --target=xtensa-lx106-elf --prefix=/builds/idf/crosstool-NG/builds/xtensa-lx106-elf --with-local-prefix=/builds/idf/crosstool-NG/builds/xtensa-lx106-elf/xtensa-lx106-elf --with-headers=/builds/idf/crosstool-NG/builds/xtensa-lx106-elf/xtensa-lx106-elf/include --with-newlib --enable-threads=no --disable-shared --with-pkgversion='crosstool-NG esp-2020r3-49-gd5524c1' --disable-__cxa_atexit --enable-cxx-flags=-ffunction-sections --disable-libgomp --disable-libmudflap --disable-libmpx --disable-libssp --disable-libquadmath --disable-libquadmath-support --with-gmp=/builds/idf/crosstool-NG/.build/xtensa-lx106-elf/buildtools --with-mpfr=/builds/idf/crosstool-NG/.build/xtensa-lx106-elf/buildtools --with-mpc=/builds/idf/crosstool-NG/.build/xtensa-lx106-elf/buildtools --with-isl=/builds/idf/crosstool-NG/.build/xtensa-lx106-elf/buildtools --enable-lto --enable-target-optspace --without-long-double-128 --disable-nls --enable-multiarch --enable-languages=c,c++ --disable-libstdcxx-verbose --enable-threads=posix --enable-libstdcxx-time=yes
Thread model: posix
gcc version 8.4.0 (crosstool-NG esp-2020r3-49-gd5524c1) 
COLLECT_GCC_OPTIONS='-mlongcalls' '-Wno-frame-address' '-v' '-o' 'CMakeFiles/cmTC_a5375.dir/CMakeCXXCompilerABI.cpp.obj' '-c'
 /home/coal/Desktop/Coding/ESP8266/Toolchain/xtensa-lx106-elf/bin/../libexec/gcc/xtensa-lx106-elf/8.4.0/cc1plus -quiet -v -iprefix /home/coal/Desktop/Coding/ESP8266/Toolchain/xtensa-lx106-elf/bin/../lib/gcc/xtensa-lx106-elf/8.4.0/ /usr/share/cmake-3.20/Modules/CMakeCXXCompilerABI.cpp -quiet -dumpbase CMakeCXXCompilerABI.cpp -mlongcalls -auxbase-strip CMakeFiles/cmTC_a5375.dir/CMakeCXXCompilerABI.cpp.obj -Wno-frame-address -version -o /tmp/ccFizaKa.s
GNU C++14 (crosstool-NG esp-2020r3-49-gd5524c1) version 8.4.0 (xtensa-lx106-elf)
	compiled by GNU C version 4.9.2, GMP version 6.1.2, MPFR version 4.0.1, MPC version 1.1.0, isl version isl-0.19-GMP

GGC heuristics: --param ggc-min-expand=100 --param ggc-min-heapsize=131072
ignoring duplicate directory "/home/coal/Desktop/Coding/ESP8266/Toolchain/xtensa-lx106-elf/bin/../lib/gcc/../../lib/gcc/xtensa-lx106-elf/8.4.0/../../../../xtensa-lx106-elf/include/c++/8.4.0"
ignoring duplicate directory "/home/coal/Desktop/Coding/ESP8266/Toolchain/xtensa-lx106-elf/bin/../lib/gcc/../../lib/gcc/xtensa-lx106-elf/8.4.0/../../../../xtensa-lx106-elf/include/c++/8.4.0/xtensa-lx106-elf"
ignoring duplicate directory "/home/coal/Desktop/Coding/ESP8266/Toolchain/xtensa-lx106-elf/bin/../lib/gcc/../../lib/gcc/xtensa-lx106-elf/8.4.0/../../../../xtensa-lx106-elf/include/c++/8.4.0/backward"
ignoring duplicate directory "/home/coal/Desktop/Coding/ESP8266/Toolchain/xtensa-lx106-elf/bin/../lib/gcc/../../lib/gcc/xtensa-lx106-elf/8.4.0/include"
ignoring duplicate directory "/home/coal/Desktop/Coding/ESP8266/Toolchain/xtensa-lx106-elf/bin/../lib/gcc/../../lib/gcc/xtensa-lx106-elf/8.4.0/include-fixed"
ignoring duplicate directory "/home/coal/Desktop/Coding/ESP8266/Toolchain/xtensa-lx106-elf/bin/../lib/gcc/../../lib/gcc/xtensa-lx106-elf/8.4.0/../../../../xtensa-lx106-elf/sys-include"
ignoring duplicate directory "/home/coal/Desktop/Coding/ESP8266/Toolchain/xtensa-lx106-elf/bin/../lib/gcc/../../lib/gcc/xtensa-lx106-elf/8.4.0/../../../../xtensa-lx106-elf/include"
#include "..." search starts here:
#include <...> search starts here:
 /home/coal/Desktop/Coding/ESP8266/Toolchain/xtensa-lx106-elf/bin/../lib/gcc/xtensa-lx106-elf/8.4.0/../../../../xtensa-lx106-elf/include/c++/8.4.0
 /home/coal/Desktop/Coding/ESP8266/Toolchain/xtensa-lx106-elf/bin/../lib/gcc/xtensa-lx106-elf/8.4.0/../../../../xtensa-lx106-elf/include/c++/8.4.0/xtensa-lx106-elf
 /home/coal/Desktop/Coding/ESP8266/Toolchain/xtensa-lx106-elf/bin/../lib/gcc/xtensa-lx106-elf/8.4.0/../../../../xtensa-lx106-elf/include/c++/8.4.0/backward
 /home/coal/Desktop/Coding/ESP8266/Toolchain/xtensa-lx106-elf/bin/../lib/gcc/xtensa-lx106-elf/8.4.0/include
 /home/coal/Desktop/Coding/ESP8266/Toolchain/xtensa-lx106-elf/bin/../lib/gcc/xtensa-lx106-elf/8.4.0/include-fixed
 /home/coal/Desktop/Coding/ESP8266/Toolchain/xtensa-lx106-elf/bin/../lib/gcc/xtensa-lx106-elf/8.4.0/../../../../xtensa-lx106-elf/sys-include
 /home/coal/Desktop/Coding/ESP8266/Toolchain/xtensa-lx106-elf/bin/../lib/gcc/xtensa-lx106-elf/8.4.0/../../../../xtensa-lx106-elf/include
End of search list.
GNU C++14 (crosstool-NG esp-2020r3-49-gd5524c1) version 8.4.0 (xtensa-lx106-elf)
	compiled by GNU C version 4.9.2, GMP version 6.1.2, MPFR version 4.0.1, MPC version 1.1.0, isl version isl-0.19-GMP

GGC heuristics: --param ggc-min-expand=100 --param ggc-min-heapsize=131072
Compiler executable checksum: 6a42b2f4729ac0ea49ccdcd6bf20e2e4
COLLECT_GCC_OPTIONS='-mlongcalls' '-Wno-frame-address' '-v' '-o' 'CMakeFiles/cmTC_a5375.dir/CMakeCXXCompilerABI.cpp.obj' '-c'
 /home/coal/Desktop/Coding/ESP8266/Toolchain/xtensa-lx106-elf/bin/../lib/gcc/xtensa-lx106-elf/8.4.0/../../../../xtensa-lx106-elf/bin/as --traditional-format --longcalls -o CMakeFiles/cmTC_a5375.dir/CMakeCXXCompilerABI.cpp.obj /tmp/ccFizaKa.s
COMPILER_PATH=/home/coal/Desktop/Coding/ESP8266/Toolchain/xtensa-lx106-elf/bin/../libexec/gcc/xtensa-lx106-elf/8.4.0/:/home/coal/Desktop/Coding/ESP8266/Toolchain/xtensa-lx106-elf/bin/../libexec/gcc/:/home/coal/Desktop/Coding/ESP8266/Toolchain/xtensa-lx106-elf/bin/../lib/gcc/xtensa-lx106-elf/8.4.0/../../../../xtensa-lx106-elf/bin/
LIBRARY_PATH=/home/coal/Desktop/Coding/ESP8266/Toolchain/xtensa-lx106-elf/bin/../lib/gcc/xtensa-lx106-elf/8.4.0/:/home/coal/Desktop/Coding/ESP8266/Toolchain/xtensa-lx106-elf/bin/../lib/gcc/:/home/coal/Desktop/Coding/ESP8266/Toolchain/xtensa-lx106-elf/bin/../lib/gcc/xtensa-lx106-elf/8.4.0/../../../../xtensa-lx106-elf/lib/
COLLECT_GCC_OPTIONS='-mlongcalls' '-Wno-frame-address' '-v' '-o' 'CMakeFiles/cmTC_a5375.dir/CMakeCXXCompilerABI.cpp.obj' '-c'
Linking CXX executable cmTC_a5375
/usr/bin/cmake -E cmake_link_script CMakeFiles/cmTC_a5375.dir/link.txt --verbose=1
/home/coal/Desktop/Coding/ESP8266/Toolchain/xtensa-lx106-elf/bin/xtensa-lx106-elf-g++ -mlongcalls -Wno-frame-address  -nostdlib -Wl,--gc-sections -v CMakeFiles/cmTC_a5375.dir/CMakeCXXCompilerABI.cpp.obj -o cmTC_a5375 
Using built-in specs.
COLLECT_GCC=/home/coal/Desktop/Coding/ESP8266/Toolchain/xtensa-lx106-elf/bin/xtensa-lx106-elf-g++
COLLECT_LTO_WRAPPER=/home/coal/Desktop/Coding/ESP8266/Toolchain/xtensa-lx106-elf/bin/../libexec/gcc/xtensa-lx106-elf/8.4.0/lto-wrapper
Target: xtensa-lx106-elf
Configured with: /builds/idf/crosstool-NG/.build/xtensa-lx106-elf/src/gcc/configure --build=x86_64-build_pc-linux-gnu --host=x86_64-build_pc-linux-gnu --target=xtensa-lx106-elf --prefix=/builds/idf/crosstool-NG/builds/xtensa-lx106-elf --with-local-prefix=/builds/idf/crosstool-NG/builds/xtensa-lx106-elf/xtensa-lx106-elf --with-headers=/builds/idf/crosstool-NG/builds/xtensa-lx106-elf/xtensa-lx106-elf/include --with-newlib --enable-threads=no --disable-shared --with-pkgversion='crosstool-NG esp-2020r3-49-gd5524c1' --disable-__cxa_atexit --enable-cxx-flags=-ffunction-sections --disable-libgomp --disable-libmudflap --disable-libmpx --disable-libssp --disable-libquadmath --disable-libquadmath-support --with-gmp=/builds/idf/crosstool-NG/.build/xtensa-lx106-elf/buildtools --with-mpfr=/builds/idf/crosstool-NG/.build/xtensa-lx106-elf/buildtools --with-mpc=/builds/idf/crosstool-NG/.build/xtensa-lx106-elf/buildtools --with-isl=/builds/idf/crosstool-NG/.build/xtensa-lx106-elf/buildtools --enable-lto --enable-target-optspace --without-long-double-128 --disable-nls --enable-multiarch --enable-languages=c,c++ --disable-libstdcxx-verbose --enable-threads=posix --enable-libstdcxx-time=yes
Thread model: posix
gcc version 8.4.0 (crosstool-NG esp-2020r3-49-gd5524c1) 
COMPILER_PATH=/home/coal/Desktop/Coding/ESP8266/Toolchain/xtensa-lx106-elf/bin/../libexec/gcc/xtensa-lx106-elf/8.4.0/:/home/coal/Desktop/Coding/ESP8266/Toolchain/xtensa-lx106-elf/bin/../libexec/gcc/:/home/coal/Desktop/Coding/ESP8266/Toolchain/xtensa-lx106-elf/bin/../lib/gcc/xtensa-lx106-elf/8.4.0/../../../../xtensa-lx106-elf/bin/
LIBRARY_PATH=/home/coal/Desktop/Coding/ESP8266/Toolchain/xtensa-lx106-elf/bin/../lib/gcc/xtensa-lx106-elf/8.4.0/:/home/coal/Desktop/Coding/ESP8266/Toolchain/xtensa-lx106-elf/bin/../lib/gcc/:/home/coal/Desktop/Coding/ESP8266/Toolchain/xtensa-lx106-elf/bin/../lib/gcc/xtensa-lx106-elf/8.4.0/../../../../xtensa-lx106-elf/lib/
COLLECT_GCC_OPTIONS='-mlongcalls' '-Wno-frame-address' '-nostdlib' '-v' '-o' 'cmTC_a5375'
 /home/coal/Desktop/Coding/ESP8266/Toolchain/xtensa-lx106-elf/bin/../libexec/gcc/xtensa-lx106-elf/8.4.0/collect2 -plugin /home/coal/Desktop/Coding/ESP8266/Toolchain/xtensa-lx106-elf/bin/../libexec/gcc/xtensa-lx106-elf/8.4.0/liblto_plugin.so -plugin-opt=/home/coal/Desktop/Coding/ESP8266/Toolchain/xtensa-lx106-elf/bin/../libexec/gcc/xtensa-lx106-elf/8.4.0/lto-wrapper -plugin-opt=-fresolution=/tmp/cc4lt0r3.res -o cmTC_a5375 -L/home/coal/Desktop/Coding/ESP8266/Toolchain/xtensa-lx106-elf/bin/../lib/gcc/xtensa-lx106-elf/8.4.0 -L/home/coal/Desktop/Coding/ESP8266/Toolchain/xtensa-lx106-elf/bin/../lib/gcc -L/home/coal/Desktop/Coding/ESP8266/Toolchain/xtensa-lx106-elf/bin/../lib/gcc/xtensa-lx106-elf/8.4.0/../../../../xtensa-lx106-elf/lib --gc-sections CMakeFiles/cmTC_a5375.dir/CMakeCXXCompilerABI.cpp.obj
/home/coal/Desktop/Coding/ESP8266/Toolchain/xtensa-lx106-elf/bin/../lib/gcc/xtensa-lx106-elf/8.4.0/../../../../xtensa-lx106-elf/bin/ld: warning: cannot find entry symbol _start; not setting start address
COLLECT_GCC_OPTIONS='-mlongcalls' '-Wno-frame-address' '-nostdlib' '-v' '-o' 'cmTC_a5375'
make[1]: Leaving directory '/home/coal/Desktop/Coding/ESP8266/Carmine-ESP8266/CMakeFiles/CMakeTmp'



Parsed CXX implicit include dir info from above output: rv=done
  found start of include info
  found start of implicit include info
    add: [/home/coal/Desktop/Coding/ESP8266/Toolchain/xtensa-lx106-elf/bin/../lib/gcc/xtensa-lx106-elf/8.4.0/../../../../xtensa-lx106-elf/include/c++/8.4.0]
    add: [/home/coal/Desktop/Coding/ESP8266/Toolchain/xtensa-lx106-elf/bin/../lib/gcc/xtensa-lx106-elf/8.4.0/../../../../xtensa-lx106-elf/include/c++/8.4.0/xtensa-lx106-elf]
    add: [/home/coal/Desktop/Coding/ESP8266/Toolchain/xtensa-lx106-elf/bin/../lib/gcc/xtensa-lx106-elf/8.4.0/../../../../xtensa-lx106-elf/include/c++/8.4.0/backward]
    add: [/home/coal/Desktop/Coding/ESP8266/Toolchain/xtensa-lx106-elf/bin/../lib/gcc/xtensa-lx106-elf/8.4.0/include]
    add: [/home/coal/Desktop/Coding/ESP8266/Toolchain/xtensa-lx106-elf/bin/../lib/gcc/xtensa-lx106-elf/8.4.0/include-fixed]
    add: [/home/coal/Desktop/Coding/ESP8266/Toolchain/xtensa-lx106-elf/bin/../lib/gcc/xtensa-lx106-elf/8.4.0/../../../../xtensa-lx106-elf/sys-include]
    add: [/home/coal/Desktop/Coding/ESP8266/Toolchain/xtensa-lx106-elf/bin/../lib/gcc/xtensa-lx106-elf/8.4.0/../../../../xtensa-lx106-elf/include]
  end of search list found
  collapse include dir [/home/coal/Desktop/Coding/ESP8266/Toolchain/xtensa-lx106-elf/bin/../lib/gcc/xtensa-lx106-elf/8.4.0/../../../../xtensa-lx106-elf/include/c++/8.4.0] ==> [/home/coal/Desktop/Coding/ESP8266/Toolchain/xtensa-lx106-elf/xtensa-lx106-elf/include/c++/8.4.0]
  collapse include dir [/home/coal/Desktop/Coding/ESP8266/Toolchain/xtensa-lx106-elf/bin/../lib/gcc/xtensa-lx106-elf/8.4.0/../../../../xtensa-lx106-elf/include/c++/8.4.0/xtensa-lx106-elf] ==> [/home/coal/Desktop/Coding/ESP8266/Toolchain/xtensa-lx106-elf/xtensa-lx106-elf/include/c++/8.4.0/xtensa-lx106-elf]
  collapse include dir [/home/coal/Desktop/Coding/ESP8266/Toolchain/xtensa-lx106-elf/bin/../lib/gcc/xtensa-lx106-elf/8.4.0/../../../../xtensa-lx106-elf/include/c++/8.4.0/backward] ==> [/home/coal/Desktop/Coding/ESP8266/Toolchain/xtensa-lx106-elf/xtensa-lx106-elf/include/c++/8.4.0/backward]
  collapse include dir [/home/coal/Desktop/Coding/ESP8266/Toolchain/xtensa-lx106-elf/bin/../lib/gcc/xtensa-lx106-elf/8.4.0/include] ==> [/home/coal/Desktop/Coding/ESP8266/Toolchain/xtensa-lx106-elf/lib/gcc/xtensa-lx106-elf/8.4.0/include]
  collapse include dir [/home/coal/Desktop/Coding/ESP8266/Toolchain/xtensa-lx106-elf/bin/../lib/gcc/xtensa-lx106-elf/8.4.0/include-fixed] ==> [/home/coal/Desktop/Coding/ESP8266/Toolchain/xtensa-lx106-elf/lib/gcc/xtensa-lx106-elf/8.4.0/include-fixed]
  collapse include dir [/home/coal/Desktop/Coding/ESP8266/Toolchain/xtensa-lx106-elf/bin/../lib/gcc/xtensa-lx106-elf/8.4.0/../../../../xtensa-lx106-elf/sys-include] ==> [/home/coal/Desktop/Coding/ESP8266/Toolchain/xtensa-lx106-elf/xtensa-lx106-elf/sys-include]
  collapse include dir [/home/coal/Desktop/Coding/ESP8266/Toolchain/xtensa-lx106-elf/bin/../lib/gcc/xtensa-lx106-elf/8.4.0/../../../../xtensa-lx106-elf/include] ==> [/home/coal/Desktop/Coding/ESP8266/Toolchain/xtensa-lx106-elf/xtensa-lx106-elf/include]
  implicit include dirs: [/home/coal/Desktop/Coding/ESP8266/Toolchain/xtensa-lx106-elf/xtensa-lx106-elf/include/c++/8.4.0;/home/coal/Desktop/Coding/ESP8266/Toolchain/xtensa-lx106-elf/xtensa-lx106-elf/include/c++/8.4.0/xtensa-lx106-elf;/home/coal/Desktop/Coding/ESP8266/Toolchain/xtensa-lx106-elf/xtensa-lx106-elf/include/c++/8.4.0/backward;/home/coal/Desktop/Coding/ESP8266/Toolchain/xtensa-lx106-elf/lib/gcc/xtensa-lx106-elf/8.4.0/include;/home/coal/Desktop/Coding/ESP8266/Toolchain/xtensa-lx106-elf/lib/gcc/xtensa-lx106-elf/8.4.0/include-fixed;/home/coal/Desktop/Coding/ESP8266/Toolchain/xtensa-lx106-elf/xtensa-lx106-elf/sys-include;/home/coal/Desktop/Coding/ESP8266/Toolchain/xtensa-lx106-elf/xtensa-lx106-elf/include]


Parsed CXX implicit link information from above output:
  link line regex: [^( *|.*[/\])(xtensa-lx106-elf-ld|CMAKE_LINK_STARTFILE-NOTFOUND|([^/\]+-)?ld|collect2)[^/\]*( |$)]
  ignore line: [Change Dir: /home/coal/Desktop/Coding/ESP8266/Carmine-ESP8266/CMakeFiles/CMakeTmp]
  ignore line: []
  ignore line: [Run Build Command(s):/usr/bin/make -f Makefile cmTC_a5375/fast && /usr/bin/make  -f CMakeFiles/cmTC_a5375.dir/build.make CMakeFiles/cmTC_a5375.dir/build]
  ignore line: [make[1]: Entering directory '/home/coal/Desktop/Coding/ESP8266/Carmine-ESP8266/CMakeFiles/CMakeTmp']
  ignore line: [Building CXX object CMakeFiles/cmTC_a5375.dir/CMakeCXXCompilerABI.cpp.obj]
  ignore line: [/home/coal/Desktop/Coding/ESP8266/Toolchain/xtensa-lx106-elf/bin/xtensa-lx106-elf-g++   -mlongcalls -Wno-frame-address    -v -o CMakeFiles/cmTC_a5375.dir/CMakeCXXCompilerABI.cpp.obj -c /usr/share/cmake-3.20/Modules/CMakeCXXCompilerABI.cpp]
  ignore line: [Using built-in specs.]
  ignore line: [COLLECT_GCC=/home/coal/Desktop/Coding/ESP8266/Toolchain/xtensa-lx106-elf/bin/xtensa-lx106-elf-g++]
  ignore line: [Target: xtensa-lx106-elf]
  ignore line: [Configured with: /builds/idf/crosstool-NG/.build/xtensa-lx106-elf/src/gcc/configure --build=x86_64-build_pc-linux-gnu --host=x86_64-build_pc-linux-gnu --target=xtensa-lx106-elf --prefix=/builds/idf/crosstool-NG/builds/xtensa-lx106-elf --with-local-prefix=/builds/idf/crosstool-NG/builds/xtensa-lx106-elf/xtensa-lx106-elf --with-headers=/builds/idf/crosstool-NG/builds/xtensa-lx106-elf/xtensa-lx106-elf/include --with-newlib --enable-threads=no --disable-shared --with-pkgversion='crosstool-NG esp-2020r3-49-gd5524c1' --disable-__cxa_atexit --enable-cxx-flags=-ffunction-sections --disable-libgomp --disable-libmudflap --disable-libmpx --disable-libssp --disable-libquadmath --disable-libquadmath-support --with-gmp=/builds/idf/crosstool-NG/.build/xtensa-lx106-elf/buildtools --with-mpfr=/builds/idf/crosstool-NG/.build/xtensa-lx106-elf/buildtools --with-mpc=/builds/idf/crosstool-NG/.build/xtensa-lx106-elf/buildtools --with-isl=/builds/idf/crosstool-NG/.build/xtensa-lx106-elf/buildtools --enable-lto --enable-target-optspace --without-long-double-128 --disable-nls --enable-multiarch --enable-languages=c c++ --disable-libstdcxx-verbose --enable-threads=posix --enable-libstdcxx-time=yes]
  ignore line: [Thread model: posix]
  ignore line: [gcc version 8.4.0 (crosstool-NG esp-2020r3-49-gd5524c1) ]
  ignore line: [COLLECT_GCC_OPTIONS='-mlongcalls' '-Wno-frame-address' '-v' '-o' 'CMakeFiles/cmTC_a5375.dir/CMakeCXXCompilerABI.cpp.obj' '-c']
  ignore line: [ /home/coal/Desktop/Coding/ESP8266/Toolchain/xtensa-lx106-elf/bin/../libexec/gcc/xtensa-lx106-elf/8.4.0/cc1plus -quiet -v -iprefix /home/coal/Desktop/Coding/ESP8266/Toolchain/xtensa-lx106-elf/bin/../lib/gcc/xtensa-lx106-elf/8.4.0/ /usr/share/cmake-3.20/Modules/CMakeCXXCompilerABI.cpp -quiet -dumpbase CMakeCXXCompilerABI.cpp -mlongcalls -auxbase-strip CMakeFiles/cmTC_a5375.dir/CMakeCXXCompilerABI.cpp.obj -Wno-frame-address -version -o /tmp/ccFizaKa.s]
  ignore line: [GNU C++14 (crosstool-NG esp-2020r3-49-gd5524c1) version 8.4.0 (xtensa-lx106-elf)]
  ignore line: [	compiled by GNU C version 4.9.2  GMP version 6.1.2  MPFR version 4.0.1  MPC version 1.1.0  isl version isl-0.19-GMP]
  ignore line: []
  ignore line: [GGC heuristics: --param ggc-min-expand=100 --param ggc-min-heapsize=131072]
  ignore line: [ignoring duplicate directory "/home/coal/Desktop/Coding/ESP8266/Toolchain/xtensa-lx106-elf/bin/../lib/gcc/../../lib/gcc/xtensa-lx106-elf/8.4.0/../../../../xtensa-lx106-elf/include/c++/8.4.0"]
  ignore line: [ignoring duplicate directory "/home/coal/Desktop/Coding/ESP8266/Toolchain/xtensa-lx106-elf/bin/../lib/gcc/../../lib/gcc/xtensa-lx106-elf/8.4.0/../../../../xtensa-lx106-elf/include/c++/8.4.0/xtensa-lx106-elf"]
  ignore line: [ignoring duplicate directory "/home/coal/Desktop/Coding/ESP8266/Toolchain/xtensa-lx106-elf/bin/../lib/gcc/../../lib/gcc/xtensa-lx106-elf/8.4.0/../../../../xtensa-lx106-elf/include/c++/8.4.0/backward"]
  ignore line: [ignoring duplicate directory "/home/coal/Desktop/Coding/ESP8266/Toolchain/xtensa-lx106-elf/bin/../lib/gcc/../../lib/gcc/xtensa-lx106-elf/8.4.0/include"]
  ignore line: [ignoring duplicate directory "/home/coal/Desktop/Coding/ESP8266/Toolchain/xtensa-lx106-elf/bin/../lib/gcc/../../lib/gcc/xtensa-lx106-elf/8.4.0/include-fixed"]
  ignore line: [ignoring duplicate directory "/home/coal/Desktop/Coding/ESP8266/Toolchain/xtensa-lx106-elf/bin/../lib/gcc/../../lib/gcc/xtensa-lx106-elf/8.4.0/../../../../xtensa-lx106-elf/sys-include"]
  ignore line: [ignoring duplicate directory "/home/coal/Desktop/Coding/ESP8266/Toolchain/xtensa-lx106-elf/bin/../lib/gcc/../../lib/gcc/xtensa-lx106-elf/8.4.0/../../../../xtensa-lx106-elf/include"]
  ignore line: [#include "..." search starts here:]
  ignore line: [#include <...> search starts here:]
  ignore line: [ /home/coal/Desktop/Coding/ESP8266/Toolchain/xtensa-lx106-elf/bin/../lib/gcc/xtensa-lx106-elf/8.4.0/../../../../xtensa-lx106-elf/include/c++/8.4.0]
  ignore line: [ /home/coal/Desktop/Coding/ESP8266/Toolchain/xtensa-lx106-elf/bin/../lib/gcc/xtensa-lx106-elf/8.4.0/../../../../xtensa-lx106-elf/include/c++/8.4.0/xtensa-lx106-elf]
  ignore line: [ /home/coal/Desktop/Coding/ESP8266/Toolchain/xtensa-lx106-elf/bin/../lib/gcc/xtensa-lx106-elf/8.4.0/../../../../xtensa-lx106-elf/include/c++/8.4.0/backward]
  ignore line: [ /home/coal/Desktop/Coding/ESP8266/Toolchain/xtensa-lx106-elf/bin/../lib/gcc/xtensa-lx106-elf/8.4.0/include]
  ignore line: [ /home/coal/Desktop/Coding/ESP8266/Toolchain/xtensa-lx106-elf/bin/../lib/gcc/xtensa-lx106-elf/8.4.0/include-fixed]
  ignore line: [ /home/coal/Desktop/Coding/ESP8266/Toolchain/xtensa-lx106-elf/bin/../lib/gcc/xtensa-lx106-elf/8.4.0/../../../../xtensa-lx106-elf/sys-include]
  ignore line: [ /home/coal/Desktop/Coding/ESP8266/Toolchain/xtensa-lx106-elf/bin/../lib/gcc/xtensa-lx106-elf/8.4.0/../../../../xtensa-lx106-elf/include]
  ignore line: [End of search list.]
  ignore line: [GNU C++14 (crosstool-NG esp-2020r3-49-gd5524c1) version 8.4.0 (xtensa-lx106-elf)]
  ignore line: [	compiled by GNU C version 4.9.2  GMP version 6.1.2  MPFR version 4.0.1  MPC version 1.1.0  isl version isl-0.19-GMP]
  ignore line: []
  ignore line: [GGC heuristics: --param ggc-min-expand=100 --param ggc-min-heapsize=131072]
  ignore line: [Compiler executable checksum: 6a42b2f4729ac0ea49ccdcd6bf20e2e4]
  ignore line: [COLLECT_GCC_OPTIONS='-mlongcalls' '-Wno-frame-address' '-v' '-o' 'CMakeFiles/cmTC_a5375.dir/CMakeCXXCompilerABI.cpp.obj' '-c']
  ignore line: [ /home/coal/Desktop/Coding/ESP8266/Toolchain/xtensa-lx106-elf/bin/../lib/gcc/xtensa-lx106-elf/8.4.0/../../../../xtensa-lx106-elf/bin/as --traditional-format --longcalls -o CMakeFiles/cmTC_a5375.dir/CMakeCXXCompilerABI.cpp.obj /tmp/ccFizaKa.s]
  ignore line: [COMPILER_PATH=/home/coal/Desktop/Coding/ESP8266/Toolchain/xtensa-lx106-elf/bin/../libexec/gcc/xtensa-lx106-elf/8.4.0/:/home/coal/Desktop/Coding/ESP8266/Toolchain/xtensa-lx106-elf/bin/../libexec/gcc/:/home/coal/Desktop/Coding/ESP8266/Toolchain/xtensa-lx106-elf/bin/../lib/gcc/xtensa-lx106-elf/8.4.0/../../../../xtensa-lx106-elf/bin/]
  ignore line: [LIBRARY_PATH=/home/coal/Desktop/Coding/ESP8266/Toolchain/xtensa-lx106-elf/bin/../lib/gcc/xtensa-lx106-elf/8.4.0/:/home/coal/Desktop/Coding/ESP8266/Toolchain/xtensa-lx106-elf/bin/../lib/gcc/:/home/coal/Desktop/Coding/ESP8266/Toolchain/xtensa-lx106-elf/bin/../lib/gcc/xtensa-lx106-elf/8.4.0/../../../../xtensa-lx106-elf/lib/]
  ignore line: [COLLECT_GCC_OPTIONS='-mlongcalls' '-Wno-frame-address' '-v' '-o' 'CMakeFiles/cmTC_a5375.dir/CMakeCXXCompilerABI.cpp.obj' '-c']
  ignore line: [Linking CXX executable cmTC_a5375]
  ignore line: [/usr/bin/cmake -E cmake_link_script CMakeFiles/cmTC_a5375.dir/link.txt --verbose=1]
  ignore line: [/home/coal/Desktop/Coding/ESP8266/Toolchain/xtensa-lx106-elf/bin/xtensa-lx106-elf-g++ -mlongcalls -Wno-frame-address  -nostdlib -Wl --gc-sections -v CMakeFiles/cmTC_a5375.dir/CMakeCXXCompilerABI.cpp.obj -o cmTC_a5375 ]
  ignore line: [Using built-in specs.]
  ignore line: [COLLECT_GCC=/home/coal/Desktop/Coding/ESP8266/Toolchain/xtensa-lx106-elf/bin/xtensa-lx106-elf-g++]
  ignore line: [COLLECT_LTO_WRAPPER=/home/coal/Desktop/Coding/ESP8266/Toolchain/xtensa-lx106-elf/bin/../libexec/gcc/xtensa-lx106-elf/8.4.0/lto-wrapper]
  ignore line: [Target: xtensa-lx106-elf]
  ignore line: [Configured with: /builds/idf/crosstool-NG/.build/xtensa-lx106-elf/src/gcc/configure --build=x86_64-build_pc-linux-gnu --host=x86_64-build_pc-linux-gnu --target=xtensa-lx106-elf --prefix=/builds/idf/crosstool-NG/builds/xtensa-lx106-elf --with-local-prefix=/builds/idf/crosstool-NG/builds/xtensa-lx106-elf/xtensa-lx106-elf --with-headers=/builds/idf/crosstool-NG/builds/xtensa-lx106-elf/xtensa-lx106-elf/include --with-newlib --enable-threads=no --disable-shared --with-pkgversion='crosstool-NG esp-2020r3-49-gd5524c1' --disable-__cxa_atexit --enable-cxx-flags=-ffunction-sections --disable-libgomp --disable-libmudflap --disable-libmpx --disable-libssp --disable-libquadmath --disable-libquadmath-support --with-gmp=/builds/idf/crosstool-NG/.build/xtensa-lx106-elf/buildtools --with-mpfr=/builds/idf/crosstool-NG/.build/xtensa-lx106-elf/buildtools --with-mpc=/builds/idf/crosstool-NG/.build/xtensa-lx106-elf/buildtools --with-isl=/builds/idf/crosstool-NG/.build/xtensa-lx106-elf/buildtools --enable-lto --enable-target-optspace --without-long-double-128 --disable-nls --enable-multiarch --enable-languages=c c++ --disable-libstdcxx-verbose --enable-threads=posix --enable-libstdcxx-time=yes]
  ignore line: [Thread model: posix]
  ignore line: [gcc version 8.4.0 (crosstool-NG esp-2020r3-49-gd5524c1) ]
  ignore line: [COMPILER_PATH=/home/coal/Desktop/Coding/ESP8266/Toolchain/xtensa-lx106-elf/bin/../libexec/gcc/xtensa-lx106-elf/8.4.0/:/home/coal/Desktop/Coding/ESP8266/Toolchain/xtensa-lx106-elf/bin/../libexec/gcc/:/home/coal/Desktop/Coding/ESP8266/Toolchain/xtensa-lx106-elf/bin/../lib/gcc/xtensa-lx106-elf/8.4.0/../../../../xtensa-lx106-elf/bin/]
  ignore line: [LIBRARY_PATH=/home/coal/Desktop/Coding/ESP8266/Toolchain/xtensa-lx106-elf/bin/../lib/gcc/xtensa-lx106-elf/8.4.0/:/home/coal/Desktop/Coding/ESP8266/Toolchain/xtensa-lx106-elf/bin/../lib/gcc/:/home/coal/Desktop/Coding/ESP8266/Toolchain/xtensa-lx106-elf/bin/../lib/gcc/xtensa-lx106-elf/8.4.0/../../../../xtensa-lx106-elf/lib/]
  ignore line: [COLLECT_GCC_OPTIONS='-mlongcalls' '-Wno-frame-address' '-nostdlib' '-v' '-o' 'cmTC_a5375']
  link line: [ /home/coal/Desktop/Coding/ESP8266/Toolchain/xtensa-lx106-elf/bin/../libexec/gcc/xtensa-lx106-elf/8.4.0/collect2 -plugin /home/coal/Desktop/Coding/ESP8266/Toolchain/xtensa-lx106-elf/bin/../libexec/gcc/xtensa-lx106-elf/8.4.0/liblto_plugin.so -plugin-opt=/home/coal/Desktop/Coding/ESP8266/Toolchain/xtensa-lx106-elf/bin/../libexec/gcc/xtensa-lx106-elf/8.4.0/lto-wrapper -plugin-opt=-fresolution=/tmp/cc4lt0r3.res -o cmTC_a5375 -L/home/coal/Desktop/Coding/ESP8266/Toolchain/xtensa-lx106-elf/bin/../lib/gcc/xtensa-lx106-elf/8.4.0 -L/home/coal/Desktop/Coding/ESP8266/Toolchain/xtensa-lx106-elf/bin/../lib/gcc -L/home/coal/Desktop/Coding/ESP8266/Toolchain/xtensa-lx106-elf/bin/../lib/gcc/xtensa-lx106-elf/8.4.0/../../../../xtensa-lx106-elf/lib --gc-sections CMakeFiles/cmTC_a5375.dir/CMakeCXXCompilerABI.cpp.obj]
    arg [/home/coal/Desktop/Coding/ESP8266/Toolchain/xtensa-lx106-elf/bin/../libexec/gcc/xtensa-lx106-elf/8.4.0/collect2] ==> ignore
    arg [-plugin] ==> ignore
    arg [/home/coal/Desktop/Coding/ESP8266/Toolchain/xtensa-lx106-elf/bin/../libexec/gcc/xtensa-lx106-elf/8.4.0/liblto_plugin.so] ==> ignore
    arg [-plugin-opt=/home/coal/Desktop/Coding/ESP8266/Toolchain/xtensa-lx106-elf/bin/../libexec/gcc/xtensa-lx106-elf/8.4.0/lto-wrapper] ==> ignore
    arg [-plugin-opt=-fresolution=/tmp/cc4lt0r3.res] ==> ignore
    arg [-o] ==> ignore
    arg [cmTC_a5375] ==> ignore
    arg [-L/home/coal/Desktop/Coding/ESP8266/Toolchain/xtensa-lx106-elf/bin/../lib/gcc/xtensa-lx106-elf/8.4.0] ==> dir [/home/coal/Desktop/Coding/ESP8266/Toolchain/xtensa-lx106-elf/bin/../lib/gcc/xtensa-lx106-elf/8.4.0]
    arg [-L/home/coal/Desktop/Coding/ESP8266/Toolchain/xtensa-lx106-elf/bin/../lib/gcc] ==> dir [/home/coal/Desktop/Coding/ESP8266/Toolchain/xtensa-lx106-elf/bin/../lib/gcc]
    arg [-L/home/coal/Desktop/Coding/ESP8266/Toolchain/xtensa-lx106-elf/bin/../lib/gcc/xtensa-lx106-elf/8.4.0/../../../../xtensa-lx106-elf/lib] ==> dir [/home/coal/Desktop/Coding/ESP8266/Toolchain/xtensa-lx106-elf/bin/../lib/gcc/xtensa-lx106-elf/8.4.0/../../../../xtensa-lx106-elf/lib]
    arg [--gc-sections] ==> ignore
    arg [CMakeFiles/cmTC_a5375.dir/CMakeCXXCompilerABI.cpp.obj] ==> ignore
  collapse library dir [/home/coal/Desktop/Coding/ESP8266/Toolchain/xtensa-lx106-elf/bin/../lib/gcc/xtensa-lx106-elf/8.4.0] ==> [/home/coal/Desktop/Coding/ESP8266/Toolchain/xtensa-lx106-elf/lib/gcc/xtensa-lx106-elf/8.4.0]
  collapse library dir [/home/coal/Desktop/Coding/ESP8266/Toolchain/xtensa-lx106-elf/bin/../lib/gcc] ==> [/home/coal/Desktop/Coding/ESP8266/Toolchain/xtensa-lx106-elf/lib/gcc]
  collapse library dir [/home/coal/Desktop/Coding/ESP8266/Toolchain/xtensa-lx106-elf/bin/../lib/gcc/xtensa-lx106-elf/8.4.0/../../../../xtensa-lx106-elf/lib] ==> [/home/coal/Desktop/Coding/ESP8266/Toolchain/xtensa-lx106-elf/xtensa-lx106-elf/lib]
  implicit libs: []
  implicit objs: []
  implicit dirs: [/home/coal/Desktop/Coding/ESP8266/Toolchain/xtensa-lx106-elf/lib/gcc/xtensa-lx106-elf/8.4.0;/home/coal/Desktop/Coding/ESP8266/Toolchain/xtensa-lx106-elf/lib/gcc;/home/coal/Desktop/Coding/ESP8266/Toolchain/xtensa-lx106-elf/xtensa-lx106-elf/lib]
  implicit fwks: []


